   1              	 .cpu cortex-m0
   2              	 .fpu softvfp
   3              	 .eabi_attribute 20,1
   4              	 .eabi_attribute 21,1
   5              	 .eabi_attribute 23,3
   6              	 .eabi_attribute 24,1
   7              	 .eabi_attribute 25,1
   8              	 .eabi_attribute 26,1
   9              	 .eabi_attribute 30,6
  10              	 .eabi_attribute 34,0
  11              	 .eabi_attribute 18,4
  12              	 .code 16
  13              	 .file "adc_measurement_conf.c"
  14              	 .text
  15              	.Ltext0:
  16              	 .cfi_sections .debug_frame
  17              	 .global global_iclass_config
  18              	 .section .rodata.global_iclass_config,"a",%progbits
  19              	 .align 2
  22              	global_iclass_config:
  23 0000 01       	 .byte 1
  24 0001 00       	 .byte 0
  25 0002 0000     	 .space 2
  26              	 .global Voltage_PhaseU_ch_config
  27              	 .section .data.Voltage_PhaseU_ch_config,"aw",%progbits
  28              	 .align 2
  31              	Voltage_PhaseU_ch_config:
  32 0000 02       	 .byte 2
  33 0001 00       	 .byte 0
  34 0002 21       	 .byte 33
  35 0003 00       	 .byte 0
  36 0004 00000000 	 .word 0
  37 0008 00000000 	 .space 4
  38 000c 00       	 .byte 0
  39 000d FF       	 .byte -1
  40 000e 0000     	 .space 2
  41              	 .global Voltage_PhaseU_res_config
  42              	 .section .bss.Voltage_PhaseU_res_config,"aw",%nobits
  43              	 .align 2
  46              	Voltage_PhaseU_res_config:
  47 0000 00000000 	 .space 4
  48              	 .global ADC_MEASUREMENT_Voltage_PhaseU_handle
  49              	 .section .data.ADC_MEASUREMENT_Voltage_PhaseU_handle,"aw",%progbits
  50              	 .align 2
  53              	ADC_MEASUREMENT_Voltage_PhaseU_handle:
  54 0000 00000000 	 .word Voltage_PhaseU_ch_config
  55 0004 00000000 	 .word Voltage_PhaseU_res_config
  56 0008 00040348 	 .word 1208157184
  57 000c 00       	 .byte 0
  58 000d 00       	 .byte 0
  59 000e 0000     	 .space 2
  60              	 .global Voltage_PhaseV_ch_config
  61              	 .section .data.Voltage_PhaseV_ch_config,"aw",%progbits
  62              	 .align 2
  65              	Voltage_PhaseV_ch_config:
  66 0000 02       	 .byte 2
  67 0001 00       	 .byte 0
  68 0002 2C       	 .byte 44
  69 0003 00       	 .byte 0
  70 0004 00000000 	 .word 0
  71 0008 00000000 	 .space 4
  72 000c 00       	 .byte 0
  73 000d 01       	 .byte 1
  74 000e 0000     	 .space 2
  75              	 .global Voltage_PhaseV_res_config
  76              	 .section .bss.Voltage_PhaseV_res_config,"aw",%nobits
  77              	 .align 2
  80              	Voltage_PhaseV_res_config:
  81 0000 00000000 	 .space 4
  82              	 .global ADC_MEASUREMENT_Voltage_PhaseV_handle
  83              	 .section .data.ADC_MEASUREMENT_Voltage_PhaseV_handle,"aw",%progbits
  84              	 .align 2
  87              	ADC_MEASUREMENT_Voltage_PhaseV_handle:
  88 0000 00000000 	 .word Voltage_PhaseV_ch_config
  89 0004 00000000 	 .word Voltage_PhaseV_res_config
  90 0008 00080348 	 .word 1208158208
  91 000c 01       	 .byte 1
  92 000d 00       	 .byte 0
  93 000e 0000     	 .space 2
  94              	 .global Voltage_PhaseW_ch_config
  95              	 .section .data.Voltage_PhaseW_ch_config,"aw",%progbits
  96              	 .align 2
  99              	Voltage_PhaseW_ch_config:
 100 0000 02       	 .byte 2
 101 0001 00       	 .byte 0
 102 0002 25       	 .byte 37
 103 0003 00       	 .byte 0
 104 0004 00000000 	 .word 0
 105 0008 00000000 	 .space 4
 106 000c 00       	 .byte 0
 107 000d 00       	 .byte 0
 108 000e 0000     	 .space 2
 109              	 .global Voltage_PhaseW_res_config
 110              	 .section .bss.Voltage_PhaseW_res_config,"aw",%nobits
 111              	 .align 2
 114              	Voltage_PhaseW_res_config:
 115 0000 00000000 	 .space 4
 116              	 .global ADC_MEASUREMENT_Voltage_PhaseW_handle
 117              	 .section .data.ADC_MEASUREMENT_Voltage_PhaseW_handle,"aw",%progbits
 118              	 .align 2
 121              	ADC_MEASUREMENT_Voltage_PhaseW_handle:
 122 0000 00000000 	 .word Voltage_PhaseW_ch_config
 123 0004 00000000 	 .word Voltage_PhaseW_res_config
 124 0008 00080348 	 .word 1208158208
 125 000c 01       	 .byte 1
 126 000d 01       	 .byte 1
 127 000e 0000     	 .space 2
 128              	 .global Temp_Feedback_ch_config
 129              	 .section .data.Temp_Feedback_ch_config,"aw",%progbits
 130              	 .align 2
 133              	Temp_Feedback_ch_config:
 134 0000 02       	 .byte 2
 135 0001 00       	 .byte 0
 136 0002 24       	 .byte 36
 137 0003 00       	 .byte 0
 138 0004 00000000 	 .word 0
 139 0008 00000000 	 .space 4
 140 000c 00       	 .byte 0
 141 000d FF       	 .byte -1
 142 000e 0000     	 .space 2
 143              	 .global Temp_Feedback_res_config
 144              	 .section .bss.Temp_Feedback_res_config,"aw",%nobits
 145              	 .align 2
 148              	Temp_Feedback_res_config:
 149 0000 00000000 	 .space 4
 150              	 .global ADC_MEASUREMENT_Temp_Feedback_handle
 151              	 .section .data.ADC_MEASUREMENT_Temp_Feedback_handle,"aw",%progbits
 152              	 .align 2
 155              	ADC_MEASUREMENT_Temp_Feedback_handle:
 156 0000 00000000 	 .word Temp_Feedback_ch_config
 157 0004 00000000 	 .word Temp_Feedback_res_config
 158 0008 00080348 	 .word 1208158208
 159 000c 01       	 .byte 1
 160 000d 05       	 .byte 5
 161 000e 0000     	 .space 2
 162              	 .global Temp_Ref_ch_config
 163              	 .section .data.Temp_Ref_ch_config,"aw",%progbits
 164              	 .align 2
 167              	Temp_Ref_ch_config:
 168 0000 02       	 .byte 2
 169 0001 00       	 .byte 0
 170 0002 2B       	 .byte 43
 171 0003 00       	 .byte 0
 172 0004 00000000 	 .word 0
 173 0008 00000000 	 .space 4
 174 000c 00       	 .byte 0
 175 000d FF       	 .byte -1
 176 000e 0000     	 .space 2
 177              	 .global Temp_Ref_res_config
 178              	 .section .bss.Temp_Ref_res_config,"aw",%nobits
 179              	 .align 2
 182              	Temp_Ref_res_config:
 183 0000 00000000 	 .space 4
 184              	 .global ADC_MEASUREMENT_Temp_Ref_handle
 185              	 .section .data.ADC_MEASUREMENT_Temp_Ref_handle,"aw",%progbits
 186              	 .align 2
 189              	ADC_MEASUREMENT_Temp_Ref_handle:
 190 0000 00000000 	 .word Temp_Ref_ch_config
 191 0004 00000000 	 .word Temp_Ref_res_config
 192 0008 00080348 	 .word 1208158208
 193 000c 01       	 .byte 1
 194 000d 06       	 .byte 6
 195 000e 0000     	 .space 2
 196              	 .global VDC_ch_config
 197              	 .section .data.VDC_ch_config,"aw",%progbits
 198              	 .align 2
 201              	VDC_ch_config:
 202 0000 02       	 .byte 2
 203 0001 00       	 .byte 0
 204 0002 2A       	 .byte 42
 205 0003 00       	 .byte 0
 206 0004 00000000 	 .word 0
 207 0008 00000000 	 .space 4
 208 000c 00       	 .byte 0
 209 000d FF       	 .byte -1
 210 000e 0000     	 .space 2
 211              	 .global VDC_res_config
 212              	 .section .bss.VDC_res_config,"aw",%nobits
 213              	 .align 2
 216              	VDC_res_config:
 217 0000 00000000 	 .space 4
 218              	 .global ADC_MEASUREMENT_VDC_handle
 219              	 .section .data.ADC_MEASUREMENT_VDC_handle,"aw",%progbits
 220              	 .align 2
 223              	ADC_MEASUREMENT_VDC_handle:
 224 0000 00000000 	 .word VDC_ch_config
 225 0004 00000000 	 .word VDC_res_config
 226 0008 00080348 	 .word 1208158208
 227 000c 01       	 .byte 1
 228 000d 07       	 .byte 7
 229 000e 0000     	 .space 2
 230              	 .global Current_PhaseU_ch_config
 231              	 .section .data.Current_PhaseU_ch_config,"aw",%progbits
 232              	 .align 2
 235              	Current_PhaseU_ch_config:
 236 0000 02       	 .byte 2
 237 0001 00       	 .byte 0
 238 0002 22       	 .byte 34
 239 0003 00       	 .byte 0
 240 0004 00000000 	 .word 0
 241 0008 00000000 	 .space 4
 242 000c 00       	 .byte 0
 243 000d 05       	 .byte 5
 244 000e 0000     	 .space 2
 245              	 .global Current_PhaseU_res_config
 246              	 .section .bss.Current_PhaseU_res_config,"aw",%nobits
 247              	 .align 2
 250              	Current_PhaseU_res_config:
 251 0000 00000000 	 .space 4
 252              	 .global ADC_MEASUREMENT_Current_PhaseU_handle
 253              	 .section .data.ADC_MEASUREMENT_Current_PhaseU_handle,"aw",%progbits
 254              	 .align 2
 257              	ADC_MEASUREMENT_Current_PhaseU_handle:
 258 0000 00000000 	 .word Current_PhaseU_ch_config
 259 0004 00000000 	 .word Current_PhaseU_res_config
 260 0008 00040348 	 .word 1208157184
 261 000c 00       	 .byte 0
 262 000d 01       	 .byte 1
 263 000e 0000     	 .space 2
 264              	 .global Current_PhaseV_ch_config
 265              	 .section .data.Current_PhaseV_ch_config,"aw",%progbits
 266              	 .align 2
 269              	Current_PhaseV_ch_config:
 270 0000 02       	 .byte 2
 271 0001 00       	 .byte 0
 272 0002 27       	 .byte 39
 273 0003 00       	 .byte 0
 274 0004 00000000 	 .word 0
 275 0008 00000000 	 .space 4
 276 000c 00       	 .byte 0
 277 000d FF       	 .byte -1
 278 000e 0000     	 .space 2
 279              	 .global Current_PhaseV_res_config
 280              	 .section .bss.Current_PhaseV_res_config,"aw",%nobits
 281              	 .align 2
 284              	Current_PhaseV_res_config:
 285 0000 00000000 	 .space 4
 286              	 .global ADC_MEASUREMENT_Current_PhaseV_handle
 287              	 .section .data.ADC_MEASUREMENT_Current_PhaseV_handle,"aw",%progbits
 288              	 .align 2
 291              	ADC_MEASUREMENT_Current_PhaseV_handle:
 292 0000 00000000 	 .word Current_PhaseV_ch_config
 293 0004 00000000 	 .word Current_PhaseV_res_config
 294 0008 00040348 	 .word 1208157184
 295 000c 00       	 .byte 0
 296 000d 06       	 .byte 6
 297 000e 0000     	 .space 2
 298              	 .global Current_PhaseW_ch_config
 299              	 .section .data.Current_PhaseW_ch_config,"aw",%progbits
 300              	 .align 2
 303              	Current_PhaseW_ch_config:
 304 0000 02       	 .byte 2
 305 0001 00       	 .byte 0
 306 0002 29       	 .byte 41
 307 0003 00       	 .byte 0
 308 0004 00000000 	 .word 0
 309 0008 00000000 	 .space 4
 310 000c 00       	 .byte 0
 311 000d FF       	 .byte -1
 312 000e 0000     	 .space 2
 313              	 .global Current_PhaseW_res_config
 314              	 .section .bss.Current_PhaseW_res_config,"aw",%nobits
 315              	 .align 2
 318              	Current_PhaseW_res_config:
 319 0000 00000000 	 .space 4
 320              	 .global ADC_MEASUREMENT_Current_PhaseW_handle
 321              	 .section .data.ADC_MEASUREMENT_Current_PhaseW_handle,"aw",%progbits
 322              	 .align 2
 325              	ADC_MEASUREMENT_Current_PhaseW_handle:
 326 0000 00000000 	 .word Current_PhaseW_ch_config
 327 0004 00000000 	 .word Current_PhaseW_res_config
 328 0008 00040348 	 .word 1208157184
 329 000c 00       	 .byte 0
 330 000d 07       	 .byte 7
 331 000e 0000     	 .space 2
 332              	 .global ADC_MEASUREMENT_channel_array
 333              	 .section .data.ADC_MEASUREMENT_channel_array,"aw",%progbits
 334              	 .align 2
 337              	ADC_MEASUREMENT_channel_array:
 338 0000 00000000 	 .word ADC_MEASUREMENT_Voltage_PhaseU_handle
 339 0004 00000000 	 .word ADC_MEASUREMENT_Voltage_PhaseV_handle
 340 0008 00000000 	 .word ADC_MEASUREMENT_Voltage_PhaseW_handle
 341 000c 00000000 	 .word ADC_MEASUREMENT_Temp_Feedback_handle
 342 0010 00000000 	 .word ADC_MEASUREMENT_Temp_Ref_handle
 343 0014 00000000 	 .word ADC_MEASUREMENT_VDC_handle
 344 0018 00000000 	 .word ADC_MEASUREMENT_Current_PhaseU_handle
 345 001c 00000000 	 .word ADC_MEASUREMENT_Current_PhaseV_handle
 346 0020 00000000 	 .word ADC_MEASUREMENT_Current_PhaseW_handle
 347              	 .global backgnd_config
 348              	 .section .rodata.backgnd_config,"a",%progbits
 349              	 .align 2
 352              	backgnd_config:
 353 0000 05       	 .byte 5
 354 0001 000000   	 .space 3
 355 0004 00       	 .space 1
 356 0005 00       	 .byte 0
 357 0006 00       	 .byte 0
 358 0007 00       	 .byte 0
 359 0008 10       	 .byte 16
 360 0009 000000   	 .space 3
 361              	 .global ADC_MEASUREMENT_0
 362              	 .section .data.ADC_MEASUREMENT_0,"aw",%progbits
 363              	 .align 2
 366              	ADC_MEASUREMENT_0:
 367 0000 00000000 	 .word ADC_MEASUREMENT_channel_array
 368 0004 00000000 	 .word backgnd_config
 369 0008 00000000 	 .word global_iclass_config
 370 000c 00000000 	 .word GLOBAL_ADC_0
 371 0010 00000000 	 .word 0
 372 0014 00000000 	 .word 0
 373 0018 02       	 .byte 2
 374 0019 04       	 .byte 4
 375 001a 01       	 .byte 1
 376 001b 00       	 .space 1
 377              	 .text
 378              	.Letext0:
 379              	 .file 1 "d:\\dave ide\\4.5.0.202105191637\\eclipse\\arm-gcc-49\\arm-none-eabi\\include\\machine\\_default_types.h"
 380              	 .file 2 "d:\\dave ide\\4.5.0.202105191637\\eclipse\\arm-gcc-49\\arm-none-eabi\\include\\stdint.h"
 381              	 .file 3 "D:/DAVE IDE/4.5.0.202105191637/eclipse/workspace/bldcmotor/Libraries/CMSIS/Infineon/XMC1400_series/Include/XMC1400.h"
 382              	 .file 4 "D:/DAVE IDE/4.5.0.202105191637/eclipse/workspace/bldcmotor/Libraries/XMCLib/inc/xmc_vadc.h"
 383              	 .file 5 "D:/DAVE IDE/4.5.0.202105191637/eclipse/workspace/bldcmotor/Dave/Generated/GLOBAL_ADC/global_adc.h"
 384              	 .file 6 "../Dave/Generated/ADC_MEASUREMENT/adc_measurement.h"
 385              	 .file 7 "D:/DAVE IDE/4.5.0.202105191637/eclipse/workspace/bldcmotor/Libraries/CMSIS/Include/cmsis_gcc.h"
 386              	 .file 8 "D:/DAVE IDE/4.5.0.202105191637/eclipse/workspace/bldcmotor/Libraries/CMSIS/Infineon/XMC1400_series/Include/system_XMC1400.h"
 387              	 .file 9 "D:/DAVE IDE/4.5.0.202105191637/eclipse/workspace/bldcmotor/Dave/Generated/GLOBAL_ADC/global_adc_extern.h"
 388              	 .file 10 "../Dave/Generated/ADC_MEASUREMENT/adc_measurement_conf.c"
DEFINED SYMBOLS
                            *ABS*:00000000 adc_measurement_conf.c
    {standard input}:22     .rodata.global_iclass_config:00000000 global_iclass_config
    {standard input}:19     .rodata.global_iclass_config:00000000 $d
    {standard input}:31     .data.Voltage_PhaseU_ch_config:00000000 Voltage_PhaseU_ch_config
    {standard input}:28     .data.Voltage_PhaseU_ch_config:00000000 $d
    {standard input}:46     .bss.Voltage_PhaseU_res_config:00000000 Voltage_PhaseU_res_config
    {standard input}:43     .bss.Voltage_PhaseU_res_config:00000000 $d
    {standard input}:53     .data.ADC_MEASUREMENT_Voltage_PhaseU_handle:00000000 ADC_MEASUREMENT_Voltage_PhaseU_handle
    {standard input}:50     .data.ADC_MEASUREMENT_Voltage_PhaseU_handle:00000000 $d
    {standard input}:65     .data.Voltage_PhaseV_ch_config:00000000 Voltage_PhaseV_ch_config
    {standard input}:62     .data.Voltage_PhaseV_ch_config:00000000 $d
    {standard input}:80     .bss.Voltage_PhaseV_res_config:00000000 Voltage_PhaseV_res_config
    {standard input}:77     .bss.Voltage_PhaseV_res_config:00000000 $d
    {standard input}:87     .data.ADC_MEASUREMENT_Voltage_PhaseV_handle:00000000 ADC_MEASUREMENT_Voltage_PhaseV_handle
    {standard input}:84     .data.ADC_MEASUREMENT_Voltage_PhaseV_handle:00000000 $d
    {standard input}:99     .data.Voltage_PhaseW_ch_config:00000000 Voltage_PhaseW_ch_config
    {standard input}:96     .data.Voltage_PhaseW_ch_config:00000000 $d
    {standard input}:114    .bss.Voltage_PhaseW_res_config:00000000 Voltage_PhaseW_res_config
    {standard input}:111    .bss.Voltage_PhaseW_res_config:00000000 $d
    {standard input}:121    .data.ADC_MEASUREMENT_Voltage_PhaseW_handle:00000000 ADC_MEASUREMENT_Voltage_PhaseW_handle
    {standard input}:118    .data.ADC_MEASUREMENT_Voltage_PhaseW_handle:00000000 $d
    {standard input}:133    .data.Temp_Feedback_ch_config:00000000 Temp_Feedback_ch_config
    {standard input}:130    .data.Temp_Feedback_ch_config:00000000 $d
    {standard input}:148    .bss.Temp_Feedback_res_config:00000000 Temp_Feedback_res_config
    {standard input}:145    .bss.Temp_Feedback_res_config:00000000 $d
    {standard input}:155    .data.ADC_MEASUREMENT_Temp_Feedback_handle:00000000 ADC_MEASUREMENT_Temp_Feedback_handle
    {standard input}:152    .data.ADC_MEASUREMENT_Temp_Feedback_handle:00000000 $d
    {standard input}:167    .data.Temp_Ref_ch_config:00000000 Temp_Ref_ch_config
    {standard input}:164    .data.Temp_Ref_ch_config:00000000 $d
    {standard input}:182    .bss.Temp_Ref_res_config:00000000 Temp_Ref_res_config
    {standard input}:179    .bss.Temp_Ref_res_config:00000000 $d
    {standard input}:189    .data.ADC_MEASUREMENT_Temp_Ref_handle:00000000 ADC_MEASUREMENT_Temp_Ref_handle
    {standard input}:186    .data.ADC_MEASUREMENT_Temp_Ref_handle:00000000 $d
    {standard input}:201    .data.VDC_ch_config:00000000 VDC_ch_config
    {standard input}:198    .data.VDC_ch_config:00000000 $d
    {standard input}:216    .bss.VDC_res_config:00000000 VDC_res_config
    {standard input}:213    .bss.VDC_res_config:00000000 $d
    {standard input}:223    .data.ADC_MEASUREMENT_VDC_handle:00000000 ADC_MEASUREMENT_VDC_handle
    {standard input}:220    .data.ADC_MEASUREMENT_VDC_handle:00000000 $d
    {standard input}:235    .data.Current_PhaseU_ch_config:00000000 Current_PhaseU_ch_config
    {standard input}:232    .data.Current_PhaseU_ch_config:00000000 $d
    {standard input}:250    .bss.Current_PhaseU_res_config:00000000 Current_PhaseU_res_config
    {standard input}:247    .bss.Current_PhaseU_res_config:00000000 $d
    {standard input}:257    .data.ADC_MEASUREMENT_Current_PhaseU_handle:00000000 ADC_MEASUREMENT_Current_PhaseU_handle
    {standard input}:254    .data.ADC_MEASUREMENT_Current_PhaseU_handle:00000000 $d
    {standard input}:269    .data.Current_PhaseV_ch_config:00000000 Current_PhaseV_ch_config
    {standard input}:266    .data.Current_PhaseV_ch_config:00000000 $d
    {standard input}:284    .bss.Current_PhaseV_res_config:00000000 Current_PhaseV_res_config
    {standard input}:281    .bss.Current_PhaseV_res_config:00000000 $d
    {standard input}:291    .data.ADC_MEASUREMENT_Current_PhaseV_handle:00000000 ADC_MEASUREMENT_Current_PhaseV_handle
    {standard input}:288    .data.ADC_MEASUREMENT_Current_PhaseV_handle:00000000 $d
    {standard input}:303    .data.Current_PhaseW_ch_config:00000000 Current_PhaseW_ch_config
    {standard input}:300    .data.Current_PhaseW_ch_config:00000000 $d
    {standard input}:318    .bss.Current_PhaseW_res_config:00000000 Current_PhaseW_res_config
    {standard input}:315    .bss.Current_PhaseW_res_config:00000000 $d
    {standard input}:325    .data.ADC_MEASUREMENT_Current_PhaseW_handle:00000000 ADC_MEASUREMENT_Current_PhaseW_handle
    {standard input}:322    .data.ADC_MEASUREMENT_Current_PhaseW_handle:00000000 $d
    {standard input}:337    .data.ADC_MEASUREMENT_channel_array:00000000 ADC_MEASUREMENT_channel_array
    {standard input}:334    .data.ADC_MEASUREMENT_channel_array:00000000 $d
    {standard input}:352    .rodata.backgnd_config:00000000 backgnd_config
    {standard input}:349    .rodata.backgnd_config:00000000 $d
    {standard input}:366    .data.ADC_MEASUREMENT_0:00000000 ADC_MEASUREMENT_0
    {standard input}:363    .data.ADC_MEASUREMENT_0:00000000 $d

UNDEFINED SYMBOLS
GLOBAL_ADC_0
