Aug 11, 2024 11:16:11 PM java.util.logging.LogManager$RootLogger log
INFO: Start of solver :getFeasibleSignals() : Sun Aug 11 23:16:11 ICT 2024


Aug 11, 2024 11:16:11 PM java.util.logging.LogManager$RootLogger log
INFO: 
timeout(ask_connection_feasibility([reserved([scu,0,ccu,config],'clock_xmc1$031780984$0'),
reserved([p,0,pad,14],'cpu_ctrl_xmc1$1638132965$0'),
reserved([p,0,pad,15],'cpu_ctrl_xmc1$1638132966$0'),
reserved([cpu,0,exception,hardfault],'cpu_ctrl_xmc1$01591368925$0'),
reserved([usic,_,channel,_],'uart$02118624699$0'),
reserved([p,_,pad,_],'uart$01053640812$0'),
reserved([p,_,pad,_],'uart$01053640750$0'),
reserved([cpu,0,nvic,interrupt,_],'uart$01148723541$0'),
reserved([cpu,0,nvic,interrupt,_],'uart$01148723603$0'),
reserved([devicepackage,0,_],'uart$0164365666$0'),
uri([devicepackage,0,22],'uart$0164365666$0'),
reserved([devicepackage,0,_],'uart$0164365604$0'),
uri([devicepackage,0,21],'uart$0164365604$0'),
reserved([cpu,0,systick],'systimer$0137142936$0'),
reserved([vadc,_,global_limits],'global_adc$01890798523$0'),
reserved([vadc,_,global],'global_adc$1790945385$0'),
reserved([vadc,_,group,0,config],'global_adc$1796505175$0'),
reserved([vadc,_,group,1,config],'global_adc$1796505176$0'),
reserved([vadc,_,backgnd],'adc_measurement$0919802633$0'),
reserved([vadc,_,class,_],'adc_measurement$403379810$0'),
reserved([p,_,pad,_],'adc_measurement$01412772712$0'),
reserved([p,_,pad,_],'adc_measurement$01412772711$0'),
reserved([p,_,pad,_],'adc_measurement$01412772710$0'),
reserved([p,_,pad,_],'adc_measurement$01412772709$0'),
reserved([p,_,pad,_],'adc_measurement$01412772708$0'),
reserved([devicepackage,0,_],'adc_measurement$554415016$0'),
uri([devicepackage,0,8],'adc_measurement$554415016$0'),
reserved([devicepackage,0,_],'adc_measurement$554415017$0'),
uri([devicepackage,0,3],'adc_measurement$554415017$0'),
reserved([devicepackage,0,_],'adc_measurement$554415018$0'),
uri([devicepackage,0,4],'adc_measurement$554415018$0'),
reserved([devicepackage,0,_],'adc_measurement$554415019$0'),
uri([devicepackage,0,5],'adc_measurement$554415019$0'),
reserved([devicepackage,0,_],'adc_measurement$554415020$0'),
uri([devicepackage,0,14],'adc_measurement$554415020$0'),
reserved([vadc,0,group,_,ch,_],'adc_measurement$0733134899$0'),
reserved([vadc,0,group,_,ch,_],'adc_measurement$0733134898$0'),
reserved([vadc,0,group,_,ch,_],'adc_measurement$0733134897$0'),
reserved([vadc,0,group,_,ch,_],'adc_measurement$0733134896$0'),
reserved([vadc,0,group,_,ch,_],'adc_measurement$0733134895$0'),
reserved([vadc,0,group,_,_,_],'adc_measurement$425520431$0'),
reserved([vadc,0,group,_,_,_],'adc_measurement$425520432$0'),
reserved([vadc,0,group,_,_,_],'adc_measurement$425520433$0'),
reserved([vadc,0,group,_,_,_],'adc_measurement$425520434$0'),
reserved([vadc,0,group,_,_,_],'adc_measurement$425520435$0'),
reserved([cpu,0,nvic,interrupt,_],'adc_measurement$0445362671$0'),
reserved([ccu8,GLOBAL_CCU80sv0,global],'global_ccu8$1465655520$0'),
reserved([scu,_,gcu,ccu8_global_enable,GLOBAL_CCU80sv0],'global_ccu8$1118816002$0'),
reserved([ccu8,_,cc8,_],'pwm_ccu8$01113979708$0'),
reserved([p,_,pad,_],'pwm_ccu8$1493401886$0'),
reserved([p,_,pad,_],'pwm_ccu8$1493401887$0'),
reserved([devicepackage,0,_],'pwm_ccu8$0353352492$0'),
uri([devicepackage,0,29],'pwm_ccu8$0353352492$0'),
reserved([devicepackage,0,_],'pwm_ccu8$0353352491$0'),
uri([devicepackage,0,30],'pwm_ccu8$0353352491$0'),
reserved([ccu4,GLOBAL_CCU40sv0,global],'global_ccu4$01760137752$0'),
reserved([scu,_,gcu,ccu4_global_enable,GLOBAL_CCU40sv0],'global_ccu4$89752826$0'),
reserved([ccu4,_,cc4,_],'timer$844337652$0'),
reserved([cpu,0,nvic,interrupt,_],'interrupt$01436523993$0'),
reserved([p,DIGITAL_IO0sv0,pad,_],'digital_io$01383135420$0'),
reserved([devicepackage,0,_],'digital_io$36800462$0'),
uri([devicepackage,0,33],'digital_io$36800462$0'),
reserved([can,_,global],'global_can$0435288881$0'),
reserved([p,_,pad,_],'can_node$0829860$0'),
reserved([p,_,pad,_],'can_node$0829798$0'),
reserved([can,_,node,_],'can_node$1758010900$0'),
reserved([can,_,mo,_],'can_node$01337162187$0'),
reserved([devicepackage,0,_],'can_node$788881170$0'),
uri([devicepackage,0,26],'can_node$788881170$0'),
reserved([devicepackage,0,_],'can_node$788881232$0'),
uri([devicepackage,0,25],'can_node$788881232$0'),
reserved([ccu8,_,cc8,_],'pwm_ccu8$1142931299$1'),
reserved([p,_,pad,_],'pwm_ccu8$1704752799$1'),
reserved([p,_,pad,_],'pwm_ccu8$1704752800$1'),
reserved([devicepackage,0,_],'pwm_ccu8$608261525$1'),
uri([devicepackage,0,31],'pwm_ccu8$608261525$1'),
reserved([devicepackage,0,_],'pwm_ccu8$608261526$1'),
uri([devicepackage,0,32],'pwm_ccu8$608261526$1'),
reserved([ccu8,_,cc8,_],'pwm_ccu8$0895124990$2'),
reserved([p,_,pad,_],'pwm_ccu8$1916103712$2'),
reserved([p,_,pad,_],'pwm_ccu8$1916103713$2'),
reserved([devicepackage,0,_],'pwm_ccu8$1569875542$2'),
uri([devicepackage,0,39],'pwm_ccu8$1569875542$2'),
reserved([devicepackage,0,_],'pwm_ccu8$1569875543$2'),
uri([devicepackage,0,28],'pwm_ccu8$1569875543$2'),
signal('clock_xmc1$031780984$0',frtc,'clock_xmc1$031780984$0$frtc'),
signal('clock_xmc1$031780984$0',dco2_clk,'clock_xmc1$031780984$0$dco2_clk'),
signal('clock_xmc1$031780984$0',osc_lp_clk,'clock_xmc1$031780984$0$osc_lp_clk'),
signal('clock_xmc1$031780984$0',osc_hp_xtal1,'clock_xmc1$031780984$0$osc_hp_xtal1'),
signal('clock_xmc1$031780984$0',osc_hp_xtal2,'clock_xmc1$031780984$0$osc_hp_xtal2'),
signal('clock_xmc1$031780984$0',osc_lp_xtal1,'clock_xmc1$031780984$0$osc_lp_xtal1'),
signal('clock_xmc1$031780984$0',osc_lp_xtal2,'clock_xmc1$031780984$0$osc_lp_xtal2'),
signal('uart$02118624699$0',dx0ins,'uart$02118624699$0$dx0ins'),
signal('uart$02118624699$0',dx3ins,'uart$02118624699$0$dx3ins'),
signal('uart$02118624699$0',dout0,'uart$02118624699$0$dout0'),
signal('uart$01053640812$0',pad,'uart$01053640812$0$pad'),
signal('uart$01053640750$0',pad,'uart$01053640750$0$pad'),
signal('uart$02118624699$0',protocol_specific_int,'uart$02118624699$0$protocol_specific_int'),
signal('uart$02118624699$0',standard_transmit_buffer_int,'uart$02118624699$0$standard_transmit_buffer_int'),
signal('uart$02118624699$0',standard_receive_buffer_int,'uart$02118624699$0$standard_receive_buffer_int'),
signal('uart$02118624699$0',alternate_receive_buffer_int,'uart$02118624699$0$alternate_receive_buffer_int'),
signal('uart$01148723541$0',signal_in,'uart$01148723541$0$signal_in'),
signal('uart$01148723603$0',signal_in,'uart$01148723603$0$signal_in'),
signal('uart$0164365666$0',pin,'uart$0164365666$0$pin'),
signal('uart$0164365604$0',pin,'uart$0164365604$0$pin'),
signal('global_adc$1790945385$0',global_signal,'global_adc$1790945385$0$global_signal'),
signal('global_adc$1796505175$0',garbcnt,'global_adc$1796505175$0$garbcnt'),
signal('global_adc$1796505175$0',gqueuereq,'global_adc$1796505175$0$gqueuereq'),
signal('global_adc$1796505175$0',gscanreq,'global_adc$1796505175$0$gscanreq'),
signal('global_adc$1796505175$0',gsyncreq,'global_adc$1796505175$0$gsyncreq'),
signal('global_adc$1796505176$0',garbcnt,'global_adc$1796505176$0$garbcnt'),
signal('global_adc$1796505176$0',gqueuereq,'global_adc$1796505176$0$gqueuereq'),
signal('global_adc$1796505176$0',gscanreq,'global_adc$1796505176$0$gscanreq'),
signal('global_adc$1796505176$0',gsyncreq,'global_adc$1796505176$0$gsyncreq'),
signal('adc_measurement$0733134899$0',gch,'adc_measurement$0733134899$0$gch'),
signal('adc_measurement$0733134898$0',gch,'adc_measurement$0733134898$0$gch'),
signal('adc_measurement$0733134897$0',gch,'adc_measurement$0733134897$0$gch'),
signal('adc_measurement$0733134896$0',gch,'adc_measurement$0733134896$0$gch'),
signal('adc_measurement$0733134895$0',gch,'adc_measurement$0733134895$0$gch'),
signal('adc_measurement$01412772712$0',pad,'adc_measurement$01412772712$0$pad'),
signal('adc_measurement$01412772711$0',pad,'adc_measurement$01412772711$0$pad'),
signal('adc_measurement$01412772710$0',pad,'adc_measurement$01412772710$0$pad'),
signal('adc_measurement$01412772709$0',pad,'adc_measurement$01412772709$0$pad'),
signal('adc_measurement$01412772708$0',pad,'adc_measurement$01412772708$0$pad'),
signal('adc_measurement$554415016$0',pin,'adc_measurement$554415016$0$pin'),
signal('adc_measurement$554415017$0',pin,'adc_measurement$554415017$0$pin'),
signal('adc_measurement$554415018$0',pin,'adc_measurement$554415018$0$pin'),
signal('adc_measurement$554415019$0',pin,'adc_measurement$554415019$0$pin'),
signal('adc_measurement$554415020$0',pin,'adc_measurement$554415020$0$pin'),
signal('adc_measurement$425520431$0',res_sel,'adc_measurement$425520431$0$res_sel'),
signal('adc_measurement$425520432$0',res_sel,'adc_measurement$425520432$0$res_sel'),
signal('adc_measurement$425520433$0',res_sel,'adc_measurement$425520433$0$res_sel'),
signal('adc_measurement$425520434$0',res_sel,'adc_measurement$425520434$0$res_sel'),
signal('adc_measurement$425520435$0',res_sel,'adc_measurement$425520435$0$res_sel'),
signal('adc_measurement$0733134899$0',select,'adc_measurement$0733134899$0$select'),
signal('adc_measurement$0733134898$0',select,'adc_measurement$0733134898$0$select'),
signal('adc_measurement$0733134897$0',select,'adc_measurement$0733134897$0$select'),
signal('adc_measurement$0733134896$0',select,'adc_measurement$0733134896$0$select'),
signal('adc_measurement$0733134895$0',select,'adc_measurement$0733134895$0$select'),
signal('adc_measurement$0733134899$0',res_sel,'adc_measurement$0733134899$0$res_sel'),
signal('adc_measurement$0733134898$0',res_sel,'adc_measurement$0733134898$0$res_sel'),
signal('adc_measurement$0733134897$0',res_sel,'adc_measurement$0733134897$0$res_sel'),
signal('adc_measurement$0733134896$0',res_sel,'adc_measurement$0733134896$0$res_sel'),
signal('adc_measurement$0733134895$0',res_sel,'adc_measurement$0733134895$0$res_sel'),
signal('adc_measurement$0919802633$0',sev0,'adc_measurement$0919802633$0$sev0'),
signal('adc_measurement$0919802633$0',bgreqtrsel,'adc_measurement$0919802633$0$bgreqtrsel'),
signal('adc_measurement$0919802633$0',bgreqgtsel,'adc_measurement$0919802633$0$bgreqgtsel'),
signal('adc_measurement$0919802633$0',global_signal,'adc_measurement$0919802633$0$global_signal'),
signal('adc_measurement$0445362671$0',signal_in,'adc_measurement$0445362671$0$signal_in'),
signal('global_ccu8$1465655520$0',global_signal,'global_ccu8$1465655520$0$global_signal'),
signal('global_ccu8$1465655520$0',clk,'global_ccu8$1465655520$0$clk'),
signal('global_ccu8$1118816002$0',gsc_enable,'global_ccu8$1118816002$0$gsc_enable'),
signal('pwm_ccu8$01113979708$0',global_signal,'pwm_ccu8$01113979708$0$global_signal'),
signal('pwm_ccu8$01113979708$0',st,'pwm_ccu8$01113979708$0$st'),
signal('pwm_ccu8$01113979708$0',sta,'pwm_ccu8$01113979708$0$sta'),
signal('pwm_ccu8$01113979708$0',stb,'pwm_ccu8$01113979708$0$stb'),
signal('pwm_ccu8$01113979708$0',out0,'pwm_ccu8$01113979708$0$out0'),
signal('pwm_ccu8$01113979708$0',out1,'pwm_ccu8$01113979708$0$out1'),
signal('pwm_ccu8$01113979708$0',out2,'pwm_ccu8$01113979708$0$out2'),
signal('pwm_ccu8$01113979708$0',out3,'pwm_ccu8$01113979708$0$out3'),
signal('pwm_ccu8$01113979708$0',gp0_unsync,'pwm_ccu8$01113979708$0$gp0_unsync'),
signal('pwm_ccu8$01113979708$0',gp1_unsync,'pwm_ccu8$01113979708$0$gp1_unsync'),
signal('pwm_ccu8$01113979708$0',gp2_unsync,'pwm_ccu8$01113979708$0$gp2_unsync'),
signal('pwm_ccu8$01113979708$0',gp0,'pwm_ccu8$01113979708$0$gp0'),
signal('pwm_ccu8$01113979708$0',gp1,'pwm_ccu8$01113979708$0$gp1'),
signal('pwm_ccu8$01113979708$0',gp2,'pwm_ccu8$01113979708$0$gp2'),
signal('pwm_ccu8$01113979708$0',ps,'pwm_ccu8$01113979708$0$ps'),
signal('pwm_ccu8$01113979708$0',mci0,'pwm_ccu8$01113979708$0$mci0'),
signal('pwm_ccu8$01113979708$0',mci1,'pwm_ccu8$01113979708$0$mci1'),
signal('pwm_ccu8$01113979708$0',mci2,'pwm_ccu8$01113979708$0$mci2'),
signal('pwm_ccu8$01113979708$0',mci3,'pwm_ccu8$01113979708$0$mci3'),
signal('pwm_ccu8$01113979708$0',mcss,'pwm_ccu8$01113979708$0$mcss'),
signal('pwm_ccu8$1493401886$0',pad,'pwm_ccu8$1493401886$0$pad'),
signal('pwm_ccu8$1493401887$0',pad,'pwm_ccu8$1493401887$0$pad'),
signal('pwm_ccu8$0353352492$0',pin,'pwm_ccu8$0353352492$0$pin'),
signal('pwm_ccu8$0353352491$0',pin,'pwm_ccu8$0353352491$0$pin'),
signal('global_ccu4$01760137752$0',global_signal,'global_ccu4$01760137752$0$global_signal'),
signal('global_ccu4$01760137752$0',clk,'global_ccu4$01760137752$0$clk'),
signal('global_ccu4$89752826$0',gsc_enable,'global_ccu4$89752826$0$gsc_enable'),
signal('timer$844337652$0',pmus_omds,'timer$844337652$0$pmus_omds'),
signal('timer$844337652$0',global_signal,'timer$844337652$0$global_signal'),
signal('interrupt$01436523993$0',signal_in,'interrupt$01436523993$0$signal_in'),
signal('digital_io$01383135420$0',pad,'digital_io$01383135420$0$pad'),
signal('digital_io$36800462$0',pin,'digital_io$36800462$0$pin'),
signal('can_node$1758010900$0',rxd,'can_node$1758010900$0$rxd'),
signal('can_node$1758010900$0',txd,'can_node$1758010900$0$txd'),
signal('can_node$0829860$0',pad,'can_node$0829860$0$pad'),
signal('can_node$0829798$0',pad,'can_node$0829798$0$pad'),
signal('can_node$788881170$0',pin,'can_node$788881170$0$pin'),
signal('can_node$788881232$0',pin,'can_node$788881232$0$pin'),
signal('pwm_ccu8$1142931299$1',global_signal,'pwm_ccu8$1142931299$1$global_signal'),
signal('pwm_ccu8$1142931299$1',st,'pwm_ccu8$1142931299$1$st'),
signal('pwm_ccu8$1142931299$1',sta,'pwm_ccu8$1142931299$1$sta'),
signal('pwm_ccu8$1142931299$1',stb,'pwm_ccu8$1142931299$1$stb'),
signal('pwm_ccu8$1142931299$1',out0,'pwm_ccu8$1142931299$1$out0'),
signal('pwm_ccu8$1142931299$1',out1,'pwm_ccu8$1142931299$1$out1'),
signal('pwm_ccu8$1142931299$1',out2,'pwm_ccu8$1142931299$1$out2'),
signal('pwm_ccu8$1142931299$1',out3,'pwm_ccu8$1142931299$1$out3'),
signal('pwm_ccu8$1142931299$1',gp0_unsync,'pwm_ccu8$1142931299$1$gp0_unsync'),
signal('pwm_ccu8$1142931299$1',gp1_unsync,'pwm_ccu8$1142931299$1$gp1_unsync'),
signal('pwm_ccu8$1142931299$1',gp2_unsync,'pwm_ccu8$1142931299$1$gp2_unsync'),
signal('pwm_ccu8$1142931299$1',gp0,'pwm_ccu8$1142931299$1$gp0'),
signal('pwm_ccu8$1142931299$1',gp1,'pwm_ccu8$1142931299$1$gp1'),
signal('pwm_ccu8$1142931299$1',gp2,'pwm_ccu8$1142931299$1$gp2'),
signal('pwm_ccu8$1142931299$1',ps,'pwm_ccu8$1142931299$1$ps'),
signal('pwm_ccu8$1142931299$1',mci0,'pwm_ccu8$1142931299$1$mci0'),
signal('pwm_ccu8$1142931299$1',mci1,'pwm_ccu8$1142931299$1$mci1'),
signal('pwm_ccu8$1142931299$1',mci2,'pwm_ccu8$1142931299$1$mci2'),
signal('pwm_ccu8$1142931299$1',mci3,'pwm_ccu8$1142931299$1$mci3'),
signal('pwm_ccu8$1142931299$1',mcss,'pwm_ccu8$1142931299$1$mcss'),
signal('pwm_ccu8$1704752799$1',pad,'pwm_ccu8$1704752799$1$pad'),
signal('pwm_ccu8$1704752800$1',pad,'pwm_ccu8$1704752800$1$pad'),
signal('pwm_ccu8$608261525$1',pin,'pwm_ccu8$608261525$1$pin'),
signal('pwm_ccu8$608261526$1',pin,'pwm_ccu8$608261526$1$pin'),
signal('pwm_ccu8$0895124990$2',global_signal,'pwm_ccu8$0895124990$2$global_signal'),
signal('pwm_ccu8$0895124990$2',st,'pwm_ccu8$0895124990$2$st'),
signal('pwm_ccu8$0895124990$2',sta,'pwm_ccu8$0895124990$2$sta'),
signal('pwm_ccu8$0895124990$2',stb,'pwm_ccu8$0895124990$2$stb'),
signal('pwm_ccu8$0895124990$2',out0,'pwm_ccu8$0895124990$2$out0'),
signal('pwm_ccu8$0895124990$2',out1,'pwm_ccu8$0895124990$2$out1'),
signal('pwm_ccu8$0895124990$2',out2,'pwm_ccu8$0895124990$2$out2'),
signal('pwm_ccu8$0895124990$2',out3,'pwm_ccu8$0895124990$2$out3'),
signal('pwm_ccu8$0895124990$2',gp0_unsync,'pwm_ccu8$0895124990$2$gp0_unsync'),
signal('pwm_ccu8$0895124990$2',gp1_unsync,'pwm_ccu8$0895124990$2$gp1_unsync'),
signal('pwm_ccu8$0895124990$2',gp2_unsync,'pwm_ccu8$0895124990$2$gp2_unsync'),
signal('pwm_ccu8$0895124990$2',gp0,'pwm_ccu8$0895124990$2$gp0'),
signal('pwm_ccu8$0895124990$2',gp1,'pwm_ccu8$0895124990$2$gp1'),
signal('pwm_ccu8$0895124990$2',gp2,'pwm_ccu8$0895124990$2$gp2'),
signal('pwm_ccu8$0895124990$2',ps,'pwm_ccu8$0895124990$2$ps'),
signal('pwm_ccu8$0895124990$2',mci0,'pwm_ccu8$0895124990$2$mci0'),
signal('pwm_ccu8$0895124990$2',mci1,'pwm_ccu8$0895124990$2$mci1'),
signal('pwm_ccu8$0895124990$2',mci2,'pwm_ccu8$0895124990$2$mci2'),
signal('pwm_ccu8$0895124990$2',mci3,'pwm_ccu8$0895124990$2$mci3'),
signal('pwm_ccu8$0895124990$2',mcss,'pwm_ccu8$0895124990$2$mcss'),
signal('pwm_ccu8$1916103712$2',pad,'pwm_ccu8$1916103712$2$pad'),
signal('pwm_ccu8$1916103713$2',pad,'pwm_ccu8$1916103713$2$pad'),
signal('pwm_ccu8$1569875542$2',pin,'pwm_ccu8$1569875542$2$pin'),
signal('pwm_ccu8$1569875543$2',pin,'pwm_ccu8$1569875543$2$pin'),
connected('clock_xmc1$031780984$0$dco2_clk','clock_xmc1$031780984$0$frtc',1),
connected('uart$0164365666$0$pin','uart$01053640812$0$pad',1),
connected('uart$0164365604$0$pin','uart$01053640750$0$pad',1),
connected('uart$02118624699$0$dout0','uart$01053640750$0$pad',1),
connected('uart$02118624699$0$alternate_receive_buffer_int','uart$01148723603$0$signal_in',1),
connected('uart$02118624699$0$standard_receive_buffer_int','uart$01148723603$0$signal_in',1),
connected('uart$02118624699$0$standard_transmit_buffer_int','uart$01148723541$0$signal_in',1),
connected('uart$01053640812$0$pad','uart$0164365666$0$pin',1),
connected('uart$01053640812$0$pad','uart$02118624699$0$dx0ins',1),
connected('uart$01053640750$0$pad','uart$0164365604$0$pin',1),
connected('global_adc$1790945385$0$global_signal','adc_measurement$0919802633$0$global_signal',1),
connected('adc_measurement$0733134899$0$res_sel','adc_measurement$425520431$0$res_sel',1),
connected('adc_measurement$0733134898$0$res_sel','adc_measurement$425520432$0$res_sel',1),
connected('adc_measurement$0733134897$0$res_sel','adc_measurement$425520433$0$res_sel',1),
connected('adc_measurement$0733134896$0$res_sel','adc_measurement$425520434$0$res_sel',1),
connected('adc_measurement$0733134895$0$res_sel','adc_measurement$425520435$0$res_sel',1),
connected('adc_measurement$01412772712$0$pad','adc_measurement$0733134899$0$gch',1),
connected('adc_measurement$01412772712$0$pad','adc_measurement$554415016$0$pin',1),
connected('adc_measurement$01412772711$0$pad','adc_measurement$0733134898$0$gch',1),
connected('adc_measurement$01412772711$0$pad','adc_measurement$554415017$0$pin',1),
connected('adc_measurement$01412772710$0$pad','adc_measurement$0733134897$0$gch',1),
connected('adc_measurement$01412772710$0$pad','adc_measurement$554415018$0$pin',1),
connected('adc_measurement$01412772709$0$pad','adc_measurement$0733134896$0$gch',1),
connected('adc_measurement$01412772709$0$pad','adc_measurement$554415019$0$pin',1),
connected('adc_measurement$01412772708$0$pad','adc_measurement$0733134895$0$gch',1),
connected('adc_measurement$01412772708$0$pad','adc_measurement$554415020$0$pin',1),
connected('adc_measurement$554415016$0$pin','adc_measurement$01412772712$0$pad',1),
connected('adc_measurement$554415017$0$pin','adc_measurement$01412772711$0$pad',1),
connected('adc_measurement$554415018$0$pin','adc_measurement$01412772710$0$pad',1),
connected('adc_measurement$554415019$0$pin','adc_measurement$01412772709$0$pad',1),
connected('adc_measurement$554415020$0$pin','adc_measurement$01412772708$0$pad',1),
connected('adc_measurement$0919802633$0$sev0','adc_measurement$0445362671$0$signal_in',1),
connected('global_ccu8$1465655520$0$global_signal','pwm_ccu8$01113979708$0$global_signal',1),
connected('pwm_ccu8$0353352492$0$pin','pwm_ccu8$1493401886$0$pad',1),
connected('pwm_ccu8$0353352491$0$pin','pwm_ccu8$1493401887$0$pad',1),
connected('pwm_ccu8$01113979708$0$out0','pwm_ccu8$1493401886$0$pad',1),
connected('pwm_ccu8$01113979708$0$out1','pwm_ccu8$1493401887$0$pad',1),
connected('pwm_ccu8$1493401886$0$pad','pwm_ccu8$0353352492$0$pin',1),
connected('pwm_ccu8$1493401887$0$pad','pwm_ccu8$0353352491$0$pin',1),
connected('global_ccu4$01760137752$0$global_signal','timer$844337652$0$global_signal',1),
connected('digital_io$36800462$0$pin','digital_io$01383135420$0$pad',1),
connected('digital_io$01383135420$0$pad','digital_io$36800462$0$pin',1),
connected('can_node$788881170$0$pin','can_node$0829860$0$pad',1),
connected('can_node$788881232$0$pin','can_node$0829798$0$pad',1),
connected('can_node$0829860$0$pad','can_node$788881170$0$pin',1),
connected('can_node$0829860$0$pad','can_node$1758010900$0$rxd',1),
connected('can_node$1758010900$0$txd','can_node$0829798$0$pad',1),
connected('can_node$0829798$0$pad','can_node$788881232$0$pin',1),
connected('global_ccu8$1465655520$0$global_signal','pwm_ccu8$1142931299$1$global_signal',1),
connected('pwm_ccu8$608261525$1$pin','pwm_ccu8$1704752799$1$pad',1),
connected('pwm_ccu8$608261526$1$pin','pwm_ccu8$1704752800$1$pad',1),
connected('pwm_ccu8$1142931299$1$out0','pwm_ccu8$1704752799$1$pad',1),
connected('pwm_ccu8$1142931299$1$out1','pwm_ccu8$1704752800$1$pad',1),
connected('pwm_ccu8$1704752799$1$pad','pwm_ccu8$608261525$1$pin',1),
connected('pwm_ccu8$1704752800$1$pad','pwm_ccu8$608261526$1$pin',1),
connected('global_ccu8$1465655520$0$global_signal','pwm_ccu8$0895124990$2$global_signal',1),
connected('pwm_ccu8$1569875542$2$pin','pwm_ccu8$1916103712$2$pad',1),
connected('pwm_ccu8$1569875543$2$pin','pwm_ccu8$1916103713$2$pad',1),
connected('pwm_ccu8$0895124990$2$out0','pwm_ccu8$1916103712$2$pad',1),
connected('pwm_ccu8$0895124990$2$out1','pwm_ccu8$1916103713$2$pad',1),
connected('pwm_ccu8$1916103712$2$pad','pwm_ccu8$1569875542$2$pin',1),
connected('pwm_ccu8$1916103713$2$pad','pwm_ccu8$1569875543$2$pin',1),
register_value('uart$02118624699$0',ccr_hpcen,0),
register_value('uart$02118624699$0',tbctr_size,4),
register_value('uart$02118624699$0',rbctr_size,4),
uri_element_range(DIGITAL_IO0sv0,[0, 1, 2, 3, 4])],'timer$844337652$0$pmus_omds',source, Result,Result_errors),15,writeln(timeout),all_solution, Timer, Due, Remainder).



Aug 11, 2024 11:16:11 PM java.util.logging.LogManager$RootLogger log
INFO: 
End of solver : getFeasibleSignals() :  Difference in ms 148


Aug 11, 2024 11:16:15 PM java.util.logging.LogManager$RootLogger log
INFO: Start of solver :getSolution() : Sun Aug 11 23:16:15 ICT 2024


Aug 11, 2024 11:16:15 PM java.util.logging.LogManager$RootLogger log
INFO: 
timeout(solve_mapping_problem([ 
reserved([scu,0,ccu,config],'clock_xmc1$031780984$0'),
reserved([p,0,pad,14],'cpu_ctrl_xmc1$1638132965$0'),
reserved([p,0,pad,15],'cpu_ctrl_xmc1$1638132966$0'),
reserved([cpu,0,exception,hardfault],'cpu_ctrl_xmc1$01591368925$0'),
reserved([usic,_,channel,_],'uart$02118624699$0'),
reserved([p,_,pad,_],'uart$01053640812$0'),
reserved([p,_,pad,_],'uart$01053640750$0'),
reserved([cpu,0,nvic,interrupt,_],'uart$01148723541$0'),
reserved([cpu,0,nvic,interrupt,_],'uart$01148723603$0'),
reserved([devicepackage,0,_],'uart$0164365666$0'),
uri([devicepackage,0,22],'uart$0164365666$0'),
reserved([devicepackage,0,_],'uart$0164365604$0'),
uri([devicepackage,0,21],'uart$0164365604$0'),
reserved([cpu,0,systick],'systimer$0137142936$0'),
reserved([vadc,_,global_limits],'global_adc$01890798523$0'),
reserved([vadc,_,global],'global_adc$1790945385$0'),
reserved([vadc,_,group,0,config],'global_adc$1796505175$0'),
reserved([vadc,_,group,1,config],'global_adc$1796505176$0'),
reserved([vadc,_,backgnd],'adc_measurement$0919802633$0'),
reserved([vadc,_,class,_],'adc_measurement$403379810$0'),
reserved([p,_,pad,_],'adc_measurement$01412772712$0'),
reserved([p,_,pad,_],'adc_measurement$01412772711$0'),
reserved([p,_,pad,_],'adc_measurement$01412772710$0'),
reserved([p,_,pad,_],'adc_measurement$01412772709$0'),
reserved([p,_,pad,_],'adc_measurement$01412772708$0'),
reserved([devicepackage,0,_],'adc_measurement$554415016$0'),
uri([devicepackage,0,8],'adc_measurement$554415016$0'),
reserved([devicepackage,0,_],'adc_measurement$554415017$0'),
uri([devicepackage,0,3],'adc_measurement$554415017$0'),
reserved([devicepackage,0,_],'adc_measurement$554415018$0'),
uri([devicepackage,0,4],'adc_measurement$554415018$0'),
reserved([devicepackage,0,_],'adc_measurement$554415019$0'),
uri([devicepackage,0,5],'adc_measurement$554415019$0'),
reserved([devicepackage,0,_],'adc_measurement$554415020$0'),
uri([devicepackage,0,14],'adc_measurement$554415020$0'),
reserved([vadc,0,group,_,ch,_],'adc_measurement$0733134899$0'),
reserved([vadc,0,group,_,ch,_],'adc_measurement$0733134898$0'),
reserved([vadc,0,group,_,ch,_],'adc_measurement$0733134897$0'),
reserved([vadc,0,group,_,ch,_],'adc_measurement$0733134896$0'),
reserved([vadc,0,group,_,ch,_],'adc_measurement$0733134895$0'),
reserved([vadc,0,group,_,_,_],'adc_measurement$425520431$0'),
reserved([vadc,0,group,_,_,_],'adc_measurement$425520432$0'),
reserved([vadc,0,group,_,_,_],'adc_measurement$425520433$0'),
reserved([vadc,0,group,_,_,_],'adc_measurement$425520434$0'),
reserved([vadc,0,group,_,_,_],'adc_measurement$425520435$0'),
reserved([cpu,0,nvic,interrupt,_],'adc_measurement$0445362671$0'),
reserved([ccu8,GLOBAL_CCU80sv0,global],'global_ccu8$1465655520$0'),
reserved([scu,_,gcu,ccu8_global_enable,GLOBAL_CCU80sv0],'global_ccu8$1118816002$0'),
reserved([ccu8,_,cc8,_],'pwm_ccu8$01113979708$0'),
reserved([p,_,pad,_],'pwm_ccu8$1493401886$0'),
reserved([p,_,pad,_],'pwm_ccu8$1493401887$0'),
reserved([devicepackage,0,_],'pwm_ccu8$0353352492$0'),
uri([devicepackage,0,29],'pwm_ccu8$0353352492$0'),
reserved([devicepackage,0,_],'pwm_ccu8$0353352491$0'),
uri([devicepackage,0,30],'pwm_ccu8$0353352491$0'),
reserved([ccu4,GLOBAL_CCU40sv0,global],'global_ccu4$01760137752$0'),
reserved([scu,_,gcu,ccu4_global_enable,GLOBAL_CCU40sv0],'global_ccu4$89752826$0'),
reserved([ccu4,_,cc4,_],'timer$844337652$0'),
reserved([cpu,0,nvic,interrupt,_],'interrupt$01436523993$0'),
reserved([p,DIGITAL_IO0sv0,pad,_],'digital_io$01383135420$0'),
reserved([devicepackage,0,_],'digital_io$36800462$0'),
uri([devicepackage,0,33],'digital_io$36800462$0'),
reserved([can,_,global],'global_can$0435288881$0'),
reserved([p,_,pad,_],'can_node$0829860$0'),
reserved([p,_,pad,_],'can_node$0829798$0'),
reserved([can,_,node,_],'can_node$1758010900$0'),
reserved([can,_,mo,_],'can_node$01337162187$0'),
reserved([devicepackage,0,_],'can_node$788881170$0'),
uri([devicepackage,0,26],'can_node$788881170$0'),
reserved([devicepackage,0,_],'can_node$788881232$0'),
uri([devicepackage,0,25],'can_node$788881232$0'),
reserved([ccu8,_,cc8,_],'pwm_ccu8$1142931299$1'),
reserved([p,_,pad,_],'pwm_ccu8$1704752799$1'),
reserved([p,_,pad,_],'pwm_ccu8$1704752800$1'),
reserved([devicepackage,0,_],'pwm_ccu8$608261525$1'),
uri([devicepackage,0,31],'pwm_ccu8$608261525$1'),
reserved([devicepackage,0,_],'pwm_ccu8$608261526$1'),
uri([devicepackage,0,32],'pwm_ccu8$608261526$1'),
reserved([ccu8,_,cc8,_],'pwm_ccu8$0895124990$2'),
reserved([p,_,pad,_],'pwm_ccu8$1916103712$2'),
reserved([p,_,pad,_],'pwm_ccu8$1916103713$2'),
reserved([devicepackage,0,_],'pwm_ccu8$1569875542$2'),
uri([devicepackage,0,39],'pwm_ccu8$1569875542$2'),
reserved([devicepackage,0,_],'pwm_ccu8$1569875543$2'),
uri([devicepackage,0,28],'pwm_ccu8$1569875543$2'),
signal('clock_xmc1$031780984$0',frtc,'clock_xmc1$031780984$0$frtc'),
signal('clock_xmc1$031780984$0',dco2_clk,'clock_xmc1$031780984$0$dco2_clk'),
signal('clock_xmc1$031780984$0',osc_lp_clk,'clock_xmc1$031780984$0$osc_lp_clk'),
signal('clock_xmc1$031780984$0',osc_hp_xtal1,'clock_xmc1$031780984$0$osc_hp_xtal1'),
signal('clock_xmc1$031780984$0',osc_hp_xtal2,'clock_xmc1$031780984$0$osc_hp_xtal2'),
signal('clock_xmc1$031780984$0',osc_lp_xtal1,'clock_xmc1$031780984$0$osc_lp_xtal1'),
signal('clock_xmc1$031780984$0',osc_lp_xtal2,'clock_xmc1$031780984$0$osc_lp_xtal2'),
signal('uart$02118624699$0',dx0ins,'uart$02118624699$0$dx0ins'),
signal('uart$02118624699$0',dx3ins,'uart$02118624699$0$dx3ins'),
signal('uart$02118624699$0',dout0,'uart$02118624699$0$dout0'),
signal('uart$01053640812$0',pad,'uart$01053640812$0$pad'),
signal('uart$01053640750$0',pad,'uart$01053640750$0$pad'),
signal('uart$02118624699$0',protocol_specific_int,'uart$02118624699$0$protocol_specific_int'),
signal('uart$02118624699$0',standard_transmit_buffer_int,'uart$02118624699$0$standard_transmit_buffer_int'),
signal('uart$02118624699$0',standard_receive_buffer_int,'uart$02118624699$0$standard_receive_buffer_int'),
signal('uart$02118624699$0',alternate_receive_buffer_int,'uart$02118624699$0$alternate_receive_buffer_int'),
signal('uart$01148723541$0',signal_in,'uart$01148723541$0$signal_in'),
signal('uart$01148723603$0',signal_in,'uart$01148723603$0$signal_in'),
signal('uart$0164365666$0',pin,'uart$0164365666$0$pin'),
signal('uart$0164365604$0',pin,'uart$0164365604$0$pin'),
signal('global_adc$1790945385$0',global_signal,'global_adc$1790945385$0$global_signal'),
signal('global_adc$1796505175$0',garbcnt,'global_adc$1796505175$0$garbcnt'),
signal('global_adc$1796505175$0',gqueuereq,'global_adc$1796505175$0$gqueuereq'),
signal('global_adc$1796505175$0',gscanreq,'global_adc$1796505175$0$gscanreq'),
signal('global_adc$1796505175$0',gsyncreq,'global_adc$1796505175$0$gsyncreq'),
signal('global_adc$1796505176$0',garbcnt,'global_adc$1796505176$0$garbcnt'),
signal('global_adc$1796505176$0',gqueuereq,'global_adc$1796505176$0$gqueuereq'),
signal('global_adc$1796505176$0',gscanreq,'global_adc$1796505176$0$gscanreq'),
signal('global_adc$1796505176$0',gsyncreq,'global_adc$1796505176$0$gsyncreq'),
signal('adc_measurement$0733134899$0',gch,'adc_measurement$0733134899$0$gch'),
signal('adc_measurement$0733134898$0',gch,'adc_measurement$0733134898$0$gch'),
signal('adc_measurement$0733134897$0',gch,'adc_measurement$0733134897$0$gch'),
signal('adc_measurement$0733134896$0',gch,'adc_measurement$0733134896$0$gch'),
signal('adc_measurement$0733134895$0',gch,'adc_measurement$0733134895$0$gch'),
signal('adc_measurement$01412772712$0',pad,'adc_measurement$01412772712$0$pad'),
signal('adc_measurement$01412772711$0',pad,'adc_measurement$01412772711$0$pad'),
signal('adc_measurement$01412772710$0',pad,'adc_measurement$01412772710$0$pad'),
signal('adc_measurement$01412772709$0',pad,'adc_measurement$01412772709$0$pad'),
signal('adc_measurement$01412772708$0',pad,'adc_measurement$01412772708$0$pad'),
signal('adc_measurement$554415016$0',pin,'adc_measurement$554415016$0$pin'),
signal('adc_measurement$554415017$0',pin,'adc_measurement$554415017$0$pin'),
signal('adc_measurement$554415018$0',pin,'adc_measurement$554415018$0$pin'),
signal('adc_measurement$554415019$0',pin,'adc_measurement$554415019$0$pin'),
signal('adc_measurement$554415020$0',pin,'adc_measurement$554415020$0$pin'),
signal('adc_measurement$425520431$0',res_sel,'adc_measurement$425520431$0$res_sel'),
signal('adc_measurement$425520432$0',res_sel,'adc_measurement$425520432$0$res_sel'),
signal('adc_measurement$425520433$0',res_sel,'adc_measurement$425520433$0$res_sel'),
signal('adc_measurement$425520434$0',res_sel,'adc_measurement$425520434$0$res_sel'),
signal('adc_measurement$425520435$0',res_sel,'adc_measurement$425520435$0$res_sel'),
signal('adc_measurement$0733134899$0',select,'adc_measurement$0733134899$0$select'),
signal('adc_measurement$0733134898$0',select,'adc_measurement$0733134898$0$select'),
signal('adc_measurement$0733134897$0',select,'adc_measurement$0733134897$0$select'),
signal('adc_measurement$0733134896$0',select,'adc_measurement$0733134896$0$select'),
signal('adc_measurement$0733134895$0',select,'adc_measurement$0733134895$0$select'),
signal('adc_measurement$0733134899$0',res_sel,'adc_measurement$0733134899$0$res_sel'),
signal('adc_measurement$0733134898$0',res_sel,'adc_measurement$0733134898$0$res_sel'),
signal('adc_measurement$0733134897$0',res_sel,'adc_measurement$0733134897$0$res_sel'),
signal('adc_measurement$0733134896$0',res_sel,'adc_measurement$0733134896$0$res_sel'),
signal('adc_measurement$0733134895$0',res_sel,'adc_measurement$0733134895$0$res_sel'),
signal('adc_measurement$0919802633$0',sev0,'adc_measurement$0919802633$0$sev0'),
signal('adc_measurement$0919802633$0',bgreqtrsel,'adc_measurement$0919802633$0$bgreqtrsel'),
signal('adc_measurement$0919802633$0',bgreqgtsel,'adc_measurement$0919802633$0$bgreqgtsel'),
signal('adc_measurement$0919802633$0',global_signal,'adc_measurement$0919802633$0$global_signal'),
signal('adc_measurement$0445362671$0',signal_in,'adc_measurement$0445362671$0$signal_in'),
signal('global_ccu8$1465655520$0',global_signal,'global_ccu8$1465655520$0$global_signal'),
signal('global_ccu8$1465655520$0',clk,'global_ccu8$1465655520$0$clk'),
signal('global_ccu8$1118816002$0',gsc_enable,'global_ccu8$1118816002$0$gsc_enable'),
signal('pwm_ccu8$01113979708$0',global_signal,'pwm_ccu8$01113979708$0$global_signal'),
signal('pwm_ccu8$01113979708$0',st,'pwm_ccu8$01113979708$0$st'),
signal('pwm_ccu8$01113979708$0',sta,'pwm_ccu8$01113979708$0$sta'),
signal('pwm_ccu8$01113979708$0',stb,'pwm_ccu8$01113979708$0$stb'),
signal('pwm_ccu8$01113979708$0',out0,'pwm_ccu8$01113979708$0$out0'),
signal('pwm_ccu8$01113979708$0',out1,'pwm_ccu8$01113979708$0$out1'),
signal('pwm_ccu8$01113979708$0',out2,'pwm_ccu8$01113979708$0$out2'),
signal('pwm_ccu8$01113979708$0',out3,'pwm_ccu8$01113979708$0$out3'),
signal('pwm_ccu8$01113979708$0',gp0_unsync,'pwm_ccu8$01113979708$0$gp0_unsync'),
signal('pwm_ccu8$01113979708$0',gp1_unsync,'pwm_ccu8$01113979708$0$gp1_unsync'),
signal('pwm_ccu8$01113979708$0',gp2_unsync,'pwm_ccu8$01113979708$0$gp2_unsync'),
signal('pwm_ccu8$01113979708$0',gp0,'pwm_ccu8$01113979708$0$gp0'),
signal('pwm_ccu8$01113979708$0',gp1,'pwm_ccu8$01113979708$0$gp1'),
signal('pwm_ccu8$01113979708$0',gp2,'pwm_ccu8$01113979708$0$gp2'),
signal('pwm_ccu8$01113979708$0',ps,'pwm_ccu8$01113979708$0$ps'),
signal('pwm_ccu8$01113979708$0',mci0,'pwm_ccu8$01113979708$0$mci0'),
signal('pwm_ccu8$01113979708$0',mci1,'pwm_ccu8$01113979708$0$mci1'),
signal('pwm_ccu8$01113979708$0',mci2,'pwm_ccu8$01113979708$0$mci2'),
signal('pwm_ccu8$01113979708$0',mci3,'pwm_ccu8$01113979708$0$mci3'),
signal('pwm_ccu8$01113979708$0',mcss,'pwm_ccu8$01113979708$0$mcss'),
signal('pwm_ccu8$1493401886$0',pad,'pwm_ccu8$1493401886$0$pad'),
signal('pwm_ccu8$1493401887$0',pad,'pwm_ccu8$1493401887$0$pad'),
signal('pwm_ccu8$0353352492$0',pin,'pwm_ccu8$0353352492$0$pin'),
signal('pwm_ccu8$0353352491$0',pin,'pwm_ccu8$0353352491$0$pin'),
signal('global_ccu4$01760137752$0',global_signal,'global_ccu4$01760137752$0$global_signal'),
signal('global_ccu4$01760137752$0',clk,'global_ccu4$01760137752$0$clk'),
signal('global_ccu4$89752826$0',gsc_enable,'global_ccu4$89752826$0$gsc_enable'),
signal('timer$844337652$0',pmus_omds,'timer$844337652$0$pmus_omds'),
signal('timer$844337652$0',global_signal,'timer$844337652$0$global_signal'),
signal('interrupt$01436523993$0',signal_in,'interrupt$01436523993$0$signal_in'),
signal('digital_io$01383135420$0',pad,'digital_io$01383135420$0$pad'),
signal('digital_io$36800462$0',pin,'digital_io$36800462$0$pin'),
signal('can_node$1758010900$0',rxd,'can_node$1758010900$0$rxd'),
signal('can_node$1758010900$0',txd,'can_node$1758010900$0$txd'),
signal('can_node$0829860$0',pad,'can_node$0829860$0$pad'),
signal('can_node$0829798$0',pad,'can_node$0829798$0$pad'),
signal('can_node$788881170$0',pin,'can_node$788881170$0$pin'),
signal('can_node$788881232$0',pin,'can_node$788881232$0$pin'),
signal('pwm_ccu8$1142931299$1',global_signal,'pwm_ccu8$1142931299$1$global_signal'),
signal('pwm_ccu8$1142931299$1',st,'pwm_ccu8$1142931299$1$st'),
signal('pwm_ccu8$1142931299$1',sta,'pwm_ccu8$1142931299$1$sta'),
signal('pwm_ccu8$1142931299$1',stb,'pwm_ccu8$1142931299$1$stb'),
signal('pwm_ccu8$1142931299$1',out0,'pwm_ccu8$1142931299$1$out0'),
signal('pwm_ccu8$1142931299$1',out1,'pwm_ccu8$1142931299$1$out1'),
signal('pwm_ccu8$1142931299$1',out2,'pwm_ccu8$1142931299$1$out2'),
signal('pwm_ccu8$1142931299$1',out3,'pwm_ccu8$1142931299$1$out3'),
signal('pwm_ccu8$1142931299$1',gp0_unsync,'pwm_ccu8$1142931299$1$gp0_unsync'),
signal('pwm_ccu8$1142931299$1',gp1_unsync,'pwm_ccu8$1142931299$1$gp1_unsync'),
signal('pwm_ccu8$1142931299$1',gp2_unsync,'pwm_ccu8$1142931299$1$gp2_unsync'),
signal('pwm_ccu8$1142931299$1',gp0,'pwm_ccu8$1142931299$1$gp0'),
signal('pwm_ccu8$1142931299$1',gp1,'pwm_ccu8$1142931299$1$gp1'),
signal('pwm_ccu8$1142931299$1',gp2,'pwm_ccu8$1142931299$1$gp2'),
signal('pwm_ccu8$1142931299$1',ps,'pwm_ccu8$1142931299$1$ps'),
signal('pwm_ccu8$1142931299$1',mci0,'pwm_ccu8$1142931299$1$mci0'),
signal('pwm_ccu8$1142931299$1',mci1,'pwm_ccu8$1142931299$1$mci1'),
signal('pwm_ccu8$1142931299$1',mci2,'pwm_ccu8$1142931299$1$mci2'),
signal('pwm_ccu8$1142931299$1',mci3,'pwm_ccu8$1142931299$1$mci3'),
signal('pwm_ccu8$1142931299$1',mcss,'pwm_ccu8$1142931299$1$mcss'),
signal('pwm_ccu8$1704752799$1',pad,'pwm_ccu8$1704752799$1$pad'),
signal('pwm_ccu8$1704752800$1',pad,'pwm_ccu8$1704752800$1$pad'),
signal('pwm_ccu8$608261525$1',pin,'pwm_ccu8$608261525$1$pin'),
signal('pwm_ccu8$608261526$1',pin,'pwm_ccu8$608261526$1$pin'),
signal('pwm_ccu8$0895124990$2',global_signal,'pwm_ccu8$0895124990$2$global_signal'),
signal('pwm_ccu8$0895124990$2',st,'pwm_ccu8$0895124990$2$st'),
signal('pwm_ccu8$0895124990$2',sta,'pwm_ccu8$0895124990$2$sta'),
signal('pwm_ccu8$0895124990$2',stb,'pwm_ccu8$0895124990$2$stb'),
signal('pwm_ccu8$0895124990$2',out0,'pwm_ccu8$0895124990$2$out0'),
signal('pwm_ccu8$0895124990$2',out1,'pwm_ccu8$0895124990$2$out1'),
signal('pwm_ccu8$0895124990$2',out2,'pwm_ccu8$0895124990$2$out2'),
signal('pwm_ccu8$0895124990$2',out3,'pwm_ccu8$0895124990$2$out3'),
signal('pwm_ccu8$0895124990$2',gp0_unsync,'pwm_ccu8$0895124990$2$gp0_unsync'),
signal('pwm_ccu8$0895124990$2',gp1_unsync,'pwm_ccu8$0895124990$2$gp1_unsync'),
signal('pwm_ccu8$0895124990$2',gp2_unsync,'pwm_ccu8$0895124990$2$gp2_unsync'),
signal('pwm_ccu8$0895124990$2',gp0,'pwm_ccu8$0895124990$2$gp0'),
signal('pwm_ccu8$0895124990$2',gp1,'pwm_ccu8$0895124990$2$gp1'),
signal('pwm_ccu8$0895124990$2',gp2,'pwm_ccu8$0895124990$2$gp2'),
signal('pwm_ccu8$0895124990$2',ps,'pwm_ccu8$0895124990$2$ps'),
signal('pwm_ccu8$0895124990$2',mci0,'pwm_ccu8$0895124990$2$mci0'),
signal('pwm_ccu8$0895124990$2',mci1,'pwm_ccu8$0895124990$2$mci1'),
signal('pwm_ccu8$0895124990$2',mci2,'pwm_ccu8$0895124990$2$mci2'),
signal('pwm_ccu8$0895124990$2',mci3,'pwm_ccu8$0895124990$2$mci3'),
signal('pwm_ccu8$0895124990$2',mcss,'pwm_ccu8$0895124990$2$mcss'),
signal('pwm_ccu8$1916103712$2',pad,'pwm_ccu8$1916103712$2$pad'),
signal('pwm_ccu8$1916103713$2',pad,'pwm_ccu8$1916103713$2$pad'),
signal('pwm_ccu8$1569875542$2',pin,'pwm_ccu8$1569875542$2$pin'),
signal('pwm_ccu8$1569875543$2',pin,'pwm_ccu8$1569875543$2$pin'),
connected('clock_xmc1$031780984$0$dco2_clk','clock_xmc1$031780984$0$frtc',1),
connected('uart$0164365666$0$pin','uart$01053640812$0$pad',1),
connected('uart$0164365604$0$pin','uart$01053640750$0$pad',1),
connected('uart$02118624699$0$dout0','uart$01053640750$0$pad',1),
connected('uart$02118624699$0$alternate_receive_buffer_int','uart$01148723603$0$signal_in',1),
connected('uart$02118624699$0$standard_receive_buffer_int','uart$01148723603$0$signal_in',1),
connected('uart$02118624699$0$standard_transmit_buffer_int','uart$01148723541$0$signal_in',1),
connected('uart$01053640812$0$pad','uart$0164365666$0$pin',1),
connected('uart$01053640812$0$pad','uart$02118624699$0$dx0ins',1),
connected('uart$01053640750$0$pad','uart$0164365604$0$pin',1),
connected('global_adc$1790945385$0$global_signal','adc_measurement$0919802633$0$global_signal',1),
connected('adc_measurement$0733134899$0$res_sel','adc_measurement$425520431$0$res_sel',1),
connected('adc_measurement$0733134898$0$res_sel','adc_measurement$425520432$0$res_sel',1),
connected('adc_measurement$0733134897$0$res_sel','adc_measurement$425520433$0$res_sel',1),
connected('adc_measurement$0733134896$0$res_sel','adc_measurement$425520434$0$res_sel',1),
connected('adc_measurement$0733134895$0$res_sel','adc_measurement$425520435$0$res_sel',1),
connected('adc_measurement$01412772712$0$pad','adc_measurement$0733134899$0$gch',1),
connected('adc_measurement$01412772712$0$pad','adc_measurement$554415016$0$pin',1),
connected('adc_measurement$01412772711$0$pad','adc_measurement$0733134898$0$gch',1),
connected('adc_measurement$01412772711$0$pad','adc_measurement$554415017$0$pin',1),
connected('adc_measurement$01412772710$0$pad','adc_measurement$0733134897$0$gch',1),
connected('adc_measurement$01412772710$0$pad','adc_measurement$554415018$0$pin',1),
connected('adc_measurement$01412772709$0$pad','adc_measurement$0733134896$0$gch',1),
connected('adc_measurement$01412772709$0$pad','adc_measurement$554415019$0$pin',1),
connected('adc_measurement$01412772708$0$pad','adc_measurement$0733134895$0$gch',1),
connected('adc_measurement$01412772708$0$pad','adc_measurement$554415020$0$pin',1),
connected('adc_measurement$554415016$0$pin','adc_measurement$01412772712$0$pad',1),
connected('adc_measurement$554415017$0$pin','adc_measurement$01412772711$0$pad',1),
connected('adc_measurement$554415018$0$pin','adc_measurement$01412772710$0$pad',1),
connected('adc_measurement$554415019$0$pin','adc_measurement$01412772709$0$pad',1),
connected('adc_measurement$554415020$0$pin','adc_measurement$01412772708$0$pad',1),
connected('adc_measurement$0919802633$0$sev0','adc_measurement$0445362671$0$signal_in',1),
connected('global_ccu8$1465655520$0$global_signal','pwm_ccu8$01113979708$0$global_signal',1),
connected('pwm_ccu8$0353352492$0$pin','pwm_ccu8$1493401886$0$pad',1),
connected('pwm_ccu8$0353352491$0$pin','pwm_ccu8$1493401887$0$pad',1),
connected('pwm_ccu8$01113979708$0$out0','pwm_ccu8$1493401886$0$pad',1),
connected('pwm_ccu8$01113979708$0$out1','pwm_ccu8$1493401887$0$pad',1),
connected('pwm_ccu8$1493401886$0$pad','pwm_ccu8$0353352492$0$pin',1),
connected('pwm_ccu8$1493401887$0$pad','pwm_ccu8$0353352491$0$pin',1),
connected('global_ccu4$01760137752$0$global_signal','timer$844337652$0$global_signal',1),
connected('timer$844337652$0$pmus_omds','interrupt$01436523993$0$signal_in',1),
connected('digital_io$36800462$0$pin','digital_io$01383135420$0$pad',1),
connected('digital_io$01383135420$0$pad','digital_io$36800462$0$pin',1),
connected('can_node$788881170$0$pin','can_node$0829860$0$pad',1),
connected('can_node$788881232$0$pin','can_node$0829798$0$pad',1),
connected('can_node$0829860$0$pad','can_node$788881170$0$pin',1),
connected('can_node$0829860$0$pad','can_node$1758010900$0$rxd',1),
connected('can_node$1758010900$0$txd','can_node$0829798$0$pad',1),
connected('can_node$0829798$0$pad','can_node$788881232$0$pin',1),
connected('global_ccu8$1465655520$0$global_signal','pwm_ccu8$1142931299$1$global_signal',1),
connected('pwm_ccu8$608261525$1$pin','pwm_ccu8$1704752799$1$pad',1),
connected('pwm_ccu8$608261526$1$pin','pwm_ccu8$1704752800$1$pad',1),
connected('pwm_ccu8$1142931299$1$out0','pwm_ccu8$1704752799$1$pad',1),
connected('pwm_ccu8$1142931299$1$out1','pwm_ccu8$1704752800$1$pad',1),
connected('pwm_ccu8$1704752799$1$pad','pwm_ccu8$608261525$1$pin',1),
connected('pwm_ccu8$1704752800$1$pad','pwm_ccu8$608261526$1$pin',1),
connected('global_ccu8$1465655520$0$global_signal','pwm_ccu8$0895124990$2$global_signal',1),
connected('pwm_ccu8$1569875542$2$pin','pwm_ccu8$1916103712$2$pad',1),
connected('pwm_ccu8$1569875543$2$pin','pwm_ccu8$1916103713$2$pad',1),
connected('pwm_ccu8$0895124990$2$out0','pwm_ccu8$1916103712$2$pad',1),
connected('pwm_ccu8$0895124990$2$out1','pwm_ccu8$1916103713$2$pad',1),
connected('pwm_ccu8$1916103712$2$pad','pwm_ccu8$1569875542$2$pin',1),
connected('pwm_ccu8$1916103713$2$pad','pwm_ccu8$1569875543$2$pin',1),
register_value('uart$02118624699$0',ccr_hpcen,0),
register_value('uart$02118624699$0',tbctr_size,4),
register_value('uart$02118624699$0',rbctr_size,4),
uri_element_range(DIGITAL_IO0sv0,[0, 1, 2, 3, 4])
 ],Vars,Regs,Appslocalvars),15,writeln(timeout),all_solution, Timer, Due, Remainder).



Aug 11, 2024 11:16:15 PM java.util.logging.LogManager$RootLogger log
INFO: 
End of solver : getSolution() :  Difference in ms 406


Aug 11, 2024 11:16:16 PM java.util.logging.LogManager$RootLogger log
INFO: Start of solver :getOutputSignals() : Sun Aug 11 23:16:16 ICT 2024


Aug 11, 2024 11:16:16 PM java.util.logging.LogManager$RootLogger log
INFO: 
timeout(reserved_resource_group_output_signals([reserved([scu,0,ccu,config],'clock_xmc1$031780984$0'),
reserved([p,0,pad,14],'cpu_ctrl_xmc1$1638132965$0'),
reserved([p,0,pad,15],'cpu_ctrl_xmc1$1638132966$0'),
reserved([cpu,0,exception,hardfault],'cpu_ctrl_xmc1$01591368925$0'),
reserved([usic,_,channel,_],'uart$02118624699$0'),
reserved([p,_,pad,_],'uart$01053640812$0'),
reserved([p,_,pad,_],'uart$01053640750$0'),
reserved([cpu,0,nvic,interrupt,_],'uart$01148723541$0'),
reserved([cpu,0,nvic,interrupt,_],'uart$01148723603$0'),
reserved([devicepackage,0,_],'uart$0164365666$0'),
uri([devicepackage,0,22],'uart$0164365666$0'),
reserved([devicepackage,0,_],'uart$0164365604$0'),
uri([devicepackage,0,21],'uart$0164365604$0'),
reserved([cpu,0,systick],'systimer$0137142936$0'),
reserved([vadc,_,global_limits],'global_adc$01890798523$0'),
reserved([vadc,_,global],'global_adc$1790945385$0'),
reserved([vadc,_,group,0,config],'global_adc$1796505175$0'),
reserved([vadc,_,group,1,config],'global_adc$1796505176$0'),
reserved([vadc,_,backgnd],'adc_measurement$0919802633$0'),
reserved([vadc,_,class,_],'adc_measurement$403379810$0'),
reserved([p,_,pad,_],'adc_measurement$01412772712$0'),
reserved([p,_,pad,_],'adc_measurement$01412772711$0'),
reserved([p,_,pad,_],'adc_measurement$01412772710$0'),
reserved([p,_,pad,_],'adc_measurement$01412772709$0'),
reserved([p,_,pad,_],'adc_measurement$01412772708$0'),
reserved([devicepackage,0,_],'adc_measurement$554415016$0'),
uri([devicepackage,0,8],'adc_measurement$554415016$0'),
reserved([devicepackage,0,_],'adc_measurement$554415017$0'),
uri([devicepackage,0,3],'adc_measurement$554415017$0'),
reserved([devicepackage,0,_],'adc_measurement$554415018$0'),
uri([devicepackage,0,4],'adc_measurement$554415018$0'),
reserved([devicepackage,0,_],'adc_measurement$554415019$0'),
uri([devicepackage,0,5],'adc_measurement$554415019$0'),
reserved([devicepackage,0,_],'adc_measurement$554415020$0'),
uri([devicepackage,0,14],'adc_measurement$554415020$0'),
reserved([vadc,0,group,_,ch,_],'adc_measurement$0733134899$0'),
reserved([vadc,0,group,_,ch,_],'adc_measurement$0733134898$0'),
reserved([vadc,0,group,_,ch,_],'adc_measurement$0733134897$0'),
reserved([vadc,0,group,_,ch,_],'adc_measurement$0733134896$0'),
reserved([vadc,0,group,_,ch,_],'adc_measurement$0733134895$0'),
reserved([vadc,0,group,_,_,_],'adc_measurement$425520431$0'),
reserved([vadc,0,group,_,_,_],'adc_measurement$425520432$0'),
reserved([vadc,0,group,_,_,_],'adc_measurement$425520433$0'),
reserved([vadc,0,group,_,_,_],'adc_measurement$425520434$0'),
reserved([vadc,0,group,_,_,_],'adc_measurement$425520435$0'),
reserved([cpu,0,nvic,interrupt,_],'adc_measurement$0445362671$0'),
reserved([ccu8,GLOBAL_CCU80sv0,global],'global_ccu8$1465655520$0'),
reserved([scu,_,gcu,ccu8_global_enable,GLOBAL_CCU80sv0],'global_ccu8$1118816002$0'),
reserved([ccu8,_,cc8,_],'pwm_ccu8$01113979708$0'),
reserved([p,_,pad,_],'pwm_ccu8$1493401886$0'),
reserved([p,_,pad,_],'pwm_ccu8$1493401887$0'),
reserved([devicepackage,0,_],'pwm_ccu8$0353352492$0'),
uri([devicepackage,0,29],'pwm_ccu8$0353352492$0'),
reserved([devicepackage,0,_],'pwm_ccu8$0353352491$0'),
uri([devicepackage,0,30],'pwm_ccu8$0353352491$0'),
reserved([ccu4,GLOBAL_CCU40sv0,global],'global_ccu4$01760137752$0'),
reserved([scu,_,gcu,ccu4_global_enable,GLOBAL_CCU40sv0],'global_ccu4$89752826$0'),
reserved([ccu4,_,cc4,_],'timer$844337652$0'),
reserved([cpu,0,nvic,interrupt,_],'interrupt$01436523993$0'),
reserved([p,DIGITAL_IO0sv0,pad,_],'digital_io$01383135420$0'),
reserved([devicepackage,0,_],'digital_io$36800462$0'),
uri([devicepackage,0,33],'digital_io$36800462$0'),
reserved([can,_,global],'global_can$0435288881$0'),
reserved([p,_,pad,_],'can_node$0829860$0'),
reserved([p,_,pad,_],'can_node$0829798$0'),
reserved([can,_,node,_],'can_node$1758010900$0'),
reserved([can,_,mo,_],'can_node$01337162187$0'),
reserved([devicepackage,0,_],'can_node$788881170$0'),
uri([devicepackage,0,26],'can_node$788881170$0'),
reserved([devicepackage,0,_],'can_node$788881232$0'),
uri([devicepackage,0,25],'can_node$788881232$0'),
reserved([ccu8,_,cc8,_],'pwm_ccu8$1142931299$1'),
reserved([p,_,pad,_],'pwm_ccu8$1704752799$1'),
reserved([p,_,pad,_],'pwm_ccu8$1704752800$1'),
reserved([devicepackage,0,_],'pwm_ccu8$608261525$1'),
uri([devicepackage,0,31],'pwm_ccu8$608261525$1'),
reserved([devicepackage,0,_],'pwm_ccu8$608261526$1'),
uri([devicepackage,0,32],'pwm_ccu8$608261526$1'),
reserved([ccu8,_,cc8,_],'pwm_ccu8$0895124990$2'),
reserved([p,_,pad,_],'pwm_ccu8$1916103712$2'),
reserved([p,_,pad,_],'pwm_ccu8$1916103713$2'),
reserved([devicepackage,0,_],'pwm_ccu8$1569875542$2'),
uri([devicepackage,0,39],'pwm_ccu8$1569875542$2'),
reserved([devicepackage,0,_],'pwm_ccu8$1569875543$2'),
uri([devicepackage,0,28],'pwm_ccu8$1569875543$2'),
signal('clock_xmc1$031780984$0',frtc,'clock_xmc1$031780984$0$frtc'),
signal('clock_xmc1$031780984$0',dco2_clk,'clock_xmc1$031780984$0$dco2_clk'),
signal('clock_xmc1$031780984$0',osc_lp_clk,'clock_xmc1$031780984$0$osc_lp_clk'),
signal('clock_xmc1$031780984$0',osc_hp_xtal1,'clock_xmc1$031780984$0$osc_hp_xtal1'),
signal('clock_xmc1$031780984$0',osc_hp_xtal2,'clock_xmc1$031780984$0$osc_hp_xtal2'),
signal('clock_xmc1$031780984$0',osc_lp_xtal1,'clock_xmc1$031780984$0$osc_lp_xtal1'),
signal('clock_xmc1$031780984$0',osc_lp_xtal2,'clock_xmc1$031780984$0$osc_lp_xtal2'),
signal('uart$02118624699$0',dx0ins,'uart$02118624699$0$dx0ins'),
signal('uart$02118624699$0',dx3ins,'uart$02118624699$0$dx3ins'),
signal('uart$02118624699$0',dout0,'uart$02118624699$0$dout0'),
signal('uart$01053640812$0',pad,'uart$01053640812$0$pad'),
signal('uart$01053640750$0',pad,'uart$01053640750$0$pad'),
signal('uart$02118624699$0',protocol_specific_int,'uart$02118624699$0$protocol_specific_int'),
signal('uart$02118624699$0',standard_transmit_buffer_int,'uart$02118624699$0$standard_transmit_buffer_int'),
signal('uart$02118624699$0',standard_receive_buffer_int,'uart$02118624699$0$standard_receive_buffer_int'),
signal('uart$02118624699$0',alternate_receive_buffer_int,'uart$02118624699$0$alternate_receive_buffer_int'),
signal('uart$01148723541$0',signal_in,'uart$01148723541$0$signal_in'),
signal('uart$01148723603$0',signal_in,'uart$01148723603$0$signal_in'),
signal('uart$0164365666$0',pin,'uart$0164365666$0$pin'),
signal('uart$0164365604$0',pin,'uart$0164365604$0$pin'),
signal('global_adc$1790945385$0',global_signal,'global_adc$1790945385$0$global_signal'),
signal('global_adc$1796505175$0',garbcnt,'global_adc$1796505175$0$garbcnt'),
signal('global_adc$1796505175$0',gqueuereq,'global_adc$1796505175$0$gqueuereq'),
signal('global_adc$1796505175$0',gscanreq,'global_adc$1796505175$0$gscanreq'),
signal('global_adc$1796505175$0',gsyncreq,'global_adc$1796505175$0$gsyncreq'),
signal('global_adc$1796505176$0',garbcnt,'global_adc$1796505176$0$garbcnt'),
signal('global_adc$1796505176$0',gqueuereq,'global_adc$1796505176$0$gqueuereq'),
signal('global_adc$1796505176$0',gscanreq,'global_adc$1796505176$0$gscanreq'),
signal('global_adc$1796505176$0',gsyncreq,'global_adc$1796505176$0$gsyncreq'),
signal('adc_measurement$0733134899$0',gch,'adc_measurement$0733134899$0$gch'),
signal('adc_measurement$0733134898$0',gch,'adc_measurement$0733134898$0$gch'),
signal('adc_measurement$0733134897$0',gch,'adc_measurement$0733134897$0$gch'),
signal('adc_measurement$0733134896$0',gch,'adc_measurement$0733134896$0$gch'),
signal('adc_measurement$0733134895$0',gch,'adc_measurement$0733134895$0$gch'),
signal('adc_measurement$01412772712$0',pad,'adc_measurement$01412772712$0$pad'),
signal('adc_measurement$01412772711$0',pad,'adc_measurement$01412772711$0$pad'),
signal('adc_measurement$01412772710$0',pad,'adc_measurement$01412772710$0$pad'),
signal('adc_measurement$01412772709$0',pad,'adc_measurement$01412772709$0$pad'),
signal('adc_measurement$01412772708$0',pad,'adc_measurement$01412772708$0$pad'),
signal('adc_measurement$554415016$0',pin,'adc_measurement$554415016$0$pin'),
signal('adc_measurement$554415017$0',pin,'adc_measurement$554415017$0$pin'),
signal('adc_measurement$554415018$0',pin,'adc_measurement$554415018$0$pin'),
signal('adc_measurement$554415019$0',pin,'adc_measurement$554415019$0$pin'),
signal('adc_measurement$554415020$0',pin,'adc_measurement$554415020$0$pin'),
signal('adc_measurement$425520431$0',res_sel,'adc_measurement$425520431$0$res_sel'),
signal('adc_measurement$425520432$0',res_sel,'adc_measurement$425520432$0$res_sel'),
signal('adc_measurement$425520433$0',res_sel,'adc_measurement$425520433$0$res_sel'),
signal('adc_measurement$425520434$0',res_sel,'adc_measurement$425520434$0$res_sel'),
signal('adc_measurement$425520435$0',res_sel,'adc_measurement$425520435$0$res_sel'),
signal('adc_measurement$0733134899$0',select,'adc_measurement$0733134899$0$select'),
signal('adc_measurement$0733134898$0',select,'adc_measurement$0733134898$0$select'),
signal('adc_measurement$0733134897$0',select,'adc_measurement$0733134897$0$select'),
signal('adc_measurement$0733134896$0',select,'adc_measurement$0733134896$0$select'),
signal('adc_measurement$0733134895$0',select,'adc_measurement$0733134895$0$select'),
signal('adc_measurement$0733134899$0',res_sel,'adc_measurement$0733134899$0$res_sel'),
signal('adc_measurement$0733134898$0',res_sel,'adc_measurement$0733134898$0$res_sel'),
signal('adc_measurement$0733134897$0',res_sel,'adc_measurement$0733134897$0$res_sel'),
signal('adc_measurement$0733134896$0',res_sel,'adc_measurement$0733134896$0$res_sel'),
signal('adc_measurement$0733134895$0',res_sel,'adc_measurement$0733134895$0$res_sel'),
signal('adc_measurement$0919802633$0',sev0,'adc_measurement$0919802633$0$sev0'),
signal('adc_measurement$0919802633$0',bgreqtrsel,'adc_measurement$0919802633$0$bgreqtrsel'),
signal('adc_measurement$0919802633$0',bgreqgtsel,'adc_measurement$0919802633$0$bgreqgtsel'),
signal('adc_measurement$0919802633$0',global_signal,'adc_measurement$0919802633$0$global_signal'),
signal('adc_measurement$0445362671$0',signal_in,'adc_measurement$0445362671$0$signal_in'),
signal('global_ccu8$1465655520$0',global_signal,'global_ccu8$1465655520$0$global_signal'),
signal('global_ccu8$1465655520$0',clk,'global_ccu8$1465655520$0$clk'),
signal('global_ccu8$1118816002$0',gsc_enable,'global_ccu8$1118816002$0$gsc_enable'),
signal('pwm_ccu8$01113979708$0',global_signal,'pwm_ccu8$01113979708$0$global_signal'),
signal('pwm_ccu8$01113979708$0',st,'pwm_ccu8$01113979708$0$st'),
signal('pwm_ccu8$01113979708$0',sta,'pwm_ccu8$01113979708$0$sta'),
signal('pwm_ccu8$01113979708$0',stb,'pwm_ccu8$01113979708$0$stb'),
signal('pwm_ccu8$01113979708$0',out0,'pwm_ccu8$01113979708$0$out0'),
signal('pwm_ccu8$01113979708$0',out1,'pwm_ccu8$01113979708$0$out1'),
signal('pwm_ccu8$01113979708$0',out2,'pwm_ccu8$01113979708$0$out2'),
signal('pwm_ccu8$01113979708$0',out3,'pwm_ccu8$01113979708$0$out3'),
signal('pwm_ccu8$01113979708$0',gp0_unsync,'pwm_ccu8$01113979708$0$gp0_unsync'),
signal('pwm_ccu8$01113979708$0',gp1_unsync,'pwm_ccu8$01113979708$0$gp1_unsync'),
signal('pwm_ccu8$01113979708$0',gp2_unsync,'pwm_ccu8$01113979708$0$gp2_unsync'),
signal('pwm_ccu8$01113979708$0',gp0,'pwm_ccu8$01113979708$0$gp0'),
signal('pwm_ccu8$01113979708$0',gp1,'pwm_ccu8$01113979708$0$gp1'),
signal('pwm_ccu8$01113979708$0',gp2,'pwm_ccu8$01113979708$0$gp2'),
signal('pwm_ccu8$01113979708$0',ps,'pwm_ccu8$01113979708$0$ps'),
signal('pwm_ccu8$01113979708$0',mci0,'pwm_ccu8$01113979708$0$mci0'),
signal('pwm_ccu8$01113979708$0',mci1,'pwm_ccu8$01113979708$0$mci1'),
signal('pwm_ccu8$01113979708$0',mci2,'pwm_ccu8$01113979708$0$mci2'),
signal('pwm_ccu8$01113979708$0',mci3,'pwm_ccu8$01113979708$0$mci3'),
signal('pwm_ccu8$01113979708$0',mcss,'pwm_ccu8$01113979708$0$mcss'),
signal('pwm_ccu8$1493401886$0',pad,'pwm_ccu8$1493401886$0$pad'),
signal('pwm_ccu8$1493401887$0',pad,'pwm_ccu8$1493401887$0$pad'),
signal('pwm_ccu8$0353352492$0',pin,'pwm_ccu8$0353352492$0$pin'),
signal('pwm_ccu8$0353352491$0',pin,'pwm_ccu8$0353352491$0$pin'),
signal('global_ccu4$01760137752$0',global_signal,'global_ccu4$01760137752$0$global_signal'),
signal('global_ccu4$01760137752$0',clk,'global_ccu4$01760137752$0$clk'),
signal('global_ccu4$89752826$0',gsc_enable,'global_ccu4$89752826$0$gsc_enable'),
signal('timer$844337652$0',pmus_omds,'timer$844337652$0$pmus_omds'),
signal('timer$844337652$0',global_signal,'timer$844337652$0$global_signal'),
signal('interrupt$01436523993$0',signal_in,'interrupt$01436523993$0$signal_in'),
signal('digital_io$01383135420$0',pad,'digital_io$01383135420$0$pad'),
signal('digital_io$36800462$0',pin,'digital_io$36800462$0$pin'),
signal('can_node$1758010900$0',rxd,'can_node$1758010900$0$rxd'),
signal('can_node$1758010900$0',txd,'can_node$1758010900$0$txd'),
signal('can_node$0829860$0',pad,'can_node$0829860$0$pad'),
signal('can_node$0829798$0',pad,'can_node$0829798$0$pad'),
signal('can_node$788881170$0',pin,'can_node$788881170$0$pin'),
signal('can_node$788881232$0',pin,'can_node$788881232$0$pin'),
signal('pwm_ccu8$1142931299$1',global_signal,'pwm_ccu8$1142931299$1$global_signal'),
signal('pwm_ccu8$1142931299$1',st,'pwm_ccu8$1142931299$1$st'),
signal('pwm_ccu8$1142931299$1',sta,'pwm_ccu8$1142931299$1$sta'),
signal('pwm_ccu8$1142931299$1',stb,'pwm_ccu8$1142931299$1$stb'),
signal('pwm_ccu8$1142931299$1',out0,'pwm_ccu8$1142931299$1$out0'),
signal('pwm_ccu8$1142931299$1',out1,'pwm_ccu8$1142931299$1$out1'),
signal('pwm_ccu8$1142931299$1',out2,'pwm_ccu8$1142931299$1$out2'),
signal('pwm_ccu8$1142931299$1',out3,'pwm_ccu8$1142931299$1$out3'),
signal('pwm_ccu8$1142931299$1',gp0_unsync,'pwm_ccu8$1142931299$1$gp0_unsync'),
signal('pwm_ccu8$1142931299$1',gp1_unsync,'pwm_ccu8$1142931299$1$gp1_unsync'),
signal('pwm_ccu8$1142931299$1',gp2_unsync,'pwm_ccu8$1142931299$1$gp2_unsync'),
signal('pwm_ccu8$1142931299$1',gp0,'pwm_ccu8$1142931299$1$gp0'),
signal('pwm_ccu8$1142931299$1',gp1,'pwm_ccu8$1142931299$1$gp1'),
signal('pwm_ccu8$1142931299$1',gp2,'pwm_ccu8$1142931299$1$gp2'),
signal('pwm_ccu8$1142931299$1',ps,'pwm_ccu8$1142931299$1$ps'),
signal('pwm_ccu8$1142931299$1',mci0,'pwm_ccu8$1142931299$1$mci0'),
signal('pwm_ccu8$1142931299$1',mci1,'pwm_ccu8$1142931299$1$mci1'),
signal('pwm_ccu8$1142931299$1',mci2,'pwm_ccu8$1142931299$1$mci2'),
signal('pwm_ccu8$1142931299$1',mci3,'pwm_ccu8$1142931299$1$mci3'),
signal('pwm_ccu8$1142931299$1',mcss,'pwm_ccu8$1142931299$1$mcss'),
signal('pwm_ccu8$1704752799$1',pad,'pwm_ccu8$1704752799$1$pad'),
signal('pwm_ccu8$1704752800$1',pad,'pwm_ccu8$1704752800$1$pad'),
signal('pwm_ccu8$608261525$1',pin,'pwm_ccu8$608261525$1$pin'),
signal('pwm_ccu8$608261526$1',pin,'pwm_ccu8$608261526$1$pin'),
signal('pwm_ccu8$0895124990$2',global_signal,'pwm_ccu8$0895124990$2$global_signal'),
signal('pwm_ccu8$0895124990$2',st,'pwm_ccu8$0895124990$2$st'),
signal('pwm_ccu8$0895124990$2',sta,'pwm_ccu8$0895124990$2$sta'),
signal('pwm_ccu8$0895124990$2',stb,'pwm_ccu8$0895124990$2$stb'),
signal('pwm_ccu8$0895124990$2',out0,'pwm_ccu8$0895124990$2$out0'),
signal('pwm_ccu8$0895124990$2',out1,'pwm_ccu8$0895124990$2$out1'),
signal('pwm_ccu8$0895124990$2',out2,'pwm_ccu8$0895124990$2$out2'),
signal('pwm_ccu8$0895124990$2',out3,'pwm_ccu8$0895124990$2$out3'),
signal('pwm_ccu8$0895124990$2',gp0_unsync,'pwm_ccu8$0895124990$2$gp0_unsync'),
signal('pwm_ccu8$0895124990$2',gp1_unsync,'pwm_ccu8$0895124990$2$gp1_unsync'),
signal('pwm_ccu8$0895124990$2',gp2_unsync,'pwm_ccu8$0895124990$2$gp2_unsync'),
signal('pwm_ccu8$0895124990$2',gp0,'pwm_ccu8$0895124990$2$gp0'),
signal('pwm_ccu8$0895124990$2',gp1,'pwm_ccu8$0895124990$2$gp1'),
signal('pwm_ccu8$0895124990$2',gp2,'pwm_ccu8$0895124990$2$gp2'),
signal('pwm_ccu8$0895124990$2',ps,'pwm_ccu8$0895124990$2$ps'),
signal('pwm_ccu8$0895124990$2',mci0,'pwm_ccu8$0895124990$2$mci0'),
signal('pwm_ccu8$0895124990$2',mci1,'pwm_ccu8$0895124990$2$mci1'),
signal('pwm_ccu8$0895124990$2',mci2,'pwm_ccu8$0895124990$2$mci2'),
signal('pwm_ccu8$0895124990$2',mci3,'pwm_ccu8$0895124990$2$mci3'),
signal('pwm_ccu8$0895124990$2',mcss,'pwm_ccu8$0895124990$2$mcss'),
signal('pwm_ccu8$1916103712$2',pad,'pwm_ccu8$1916103712$2$pad'),
signal('pwm_ccu8$1916103713$2',pad,'pwm_ccu8$1916103713$2$pad'),
signal('pwm_ccu8$1569875542$2',pin,'pwm_ccu8$1569875542$2$pin'),
signal('pwm_ccu8$1569875543$2',pin,'pwm_ccu8$1569875543$2$pin'),
connected('clock_xmc1$031780984$0$dco2_clk','clock_xmc1$031780984$0$frtc',1),
connected('uart$0164365666$0$pin','uart$01053640812$0$pad',1),
connected('uart$0164365604$0$pin','uart$01053640750$0$pad',1),
connected('uart$02118624699$0$dout0','uart$01053640750$0$pad',1),
connected('uart$02118624699$0$alternate_receive_buffer_int','uart$01148723603$0$signal_in',1),
connected('uart$02118624699$0$standard_receive_buffer_int','uart$01148723603$0$signal_in',1),
connected('uart$02118624699$0$standard_transmit_buffer_int','uart$01148723541$0$signal_in',1),
connected('uart$01053640812$0$pad','uart$0164365666$0$pin',1),
connected('uart$01053640812$0$pad','uart$02118624699$0$dx0ins',1),
connected('uart$01053640750$0$pad','uart$0164365604$0$pin',1),
connected('global_adc$1790945385$0$global_signal','adc_measurement$0919802633$0$global_signal',1),
connected('adc_measurement$0733134899$0$res_sel','adc_measurement$425520431$0$res_sel',1),
connected('adc_measurement$0733134898$0$res_sel','adc_measurement$425520432$0$res_sel',1),
connected('adc_measurement$0733134897$0$res_sel','adc_measurement$425520433$0$res_sel',1),
connected('adc_measurement$0733134896$0$res_sel','adc_measurement$425520434$0$res_sel',1),
connected('adc_measurement$0733134895$0$res_sel','adc_measurement$425520435$0$res_sel',1),
connected('adc_measurement$01412772712$0$pad','adc_measurement$0733134899$0$gch',1),
connected('adc_measurement$01412772712$0$pad','adc_measurement$554415016$0$pin',1),
connected('adc_measurement$01412772711$0$pad','adc_measurement$0733134898$0$gch',1),
connected('adc_measurement$01412772711$0$pad','adc_measurement$554415017$0$pin',1),
connected('adc_measurement$01412772710$0$pad','adc_measurement$0733134897$0$gch',1),
connected('adc_measurement$01412772710$0$pad','adc_measurement$554415018$0$pin',1),
connected('adc_measurement$01412772709$0$pad','adc_measurement$0733134896$0$gch',1),
connected('adc_measurement$01412772709$0$pad','adc_measurement$554415019$0$pin',1),
connected('adc_measurement$01412772708$0$pad','adc_measurement$0733134895$0$gch',1),
connected('adc_measurement$01412772708$0$pad','adc_measurement$554415020$0$pin',1),
connected('adc_measurement$554415016$0$pin','adc_measurement$01412772712$0$pad',1),
connected('adc_measurement$554415017$0$pin','adc_measurement$01412772711$0$pad',1),
connected('adc_measurement$554415018$0$pin','adc_measurement$01412772710$0$pad',1),
connected('adc_measurement$554415019$0$pin','adc_measurement$01412772709$0$pad',1),
connected('adc_measurement$554415020$0$pin','adc_measurement$01412772708$0$pad',1),
connected('adc_measurement$0919802633$0$sev0','adc_measurement$0445362671$0$signal_in',1),
connected('global_ccu8$1465655520$0$global_signal','pwm_ccu8$01113979708$0$global_signal',1),
connected('pwm_ccu8$0353352492$0$pin','pwm_ccu8$1493401886$0$pad',1),
connected('pwm_ccu8$0353352491$0$pin','pwm_ccu8$1493401887$0$pad',1),
connected('pwm_ccu8$01113979708$0$out0','pwm_ccu8$1493401886$0$pad',1),
connected('pwm_ccu8$01113979708$0$out1','pwm_ccu8$1493401887$0$pad',1),
connected('pwm_ccu8$1493401886$0$pad','pwm_ccu8$0353352492$0$pin',1),
connected('pwm_ccu8$1493401887$0$pad','pwm_ccu8$0353352491$0$pin',1),
connected('global_ccu4$01760137752$0$global_signal','timer$844337652$0$global_signal',1),
connected('timer$844337652$0$pmus_omds','interrupt$01436523993$0$signal_in',1),
connected('digital_io$36800462$0$pin','digital_io$01383135420$0$pad',1),
connected('digital_io$01383135420$0$pad','digital_io$36800462$0$pin',1),
connected('can_node$788881170$0$pin','can_node$0829860$0$pad',1),
connected('can_node$788881232$0$pin','can_node$0829798$0$pad',1),
connected('can_node$0829860$0$pad','can_node$788881170$0$pin',1),
connected('can_node$0829860$0$pad','can_node$1758010900$0$rxd',1),
connected('can_node$1758010900$0$txd','can_node$0829798$0$pad',1),
connected('can_node$0829798$0$pad','can_node$788881232$0$pin',1),
connected('global_ccu8$1465655520$0$global_signal','pwm_ccu8$1142931299$1$global_signal',1),
connected('pwm_ccu8$608261525$1$pin','pwm_ccu8$1704752799$1$pad',1),
connected('pwm_ccu8$608261526$1$pin','pwm_ccu8$1704752800$1$pad',1),
connected('pwm_ccu8$1142931299$1$out0','pwm_ccu8$1704752799$1$pad',1),
connected('pwm_ccu8$1142931299$1$out1','pwm_ccu8$1704752800$1$pad',1),
connected('pwm_ccu8$1704752799$1$pad','pwm_ccu8$608261525$1$pin',1),
connected('pwm_ccu8$1704752800$1$pad','pwm_ccu8$608261526$1$pin',1),
connected('global_ccu8$1465655520$0$global_signal','pwm_ccu8$0895124990$2$global_signal',1),
connected('pwm_ccu8$1569875542$2$pin','pwm_ccu8$1916103712$2$pad',1),
connected('pwm_ccu8$1569875543$2$pin','pwm_ccu8$1916103713$2$pad',1),
connected('pwm_ccu8$0895124990$2$out0','pwm_ccu8$1916103712$2$pad',1),
connected('pwm_ccu8$0895124990$2$out1','pwm_ccu8$1916103713$2$pad',1),
connected('pwm_ccu8$1916103712$2$pad','pwm_ccu8$1569875542$2$pin',1),
connected('pwm_ccu8$1916103713$2$pad','pwm_ccu8$1569875543$2$pin',1),
register_value('uart$02118624699$0',ccr_hpcen,0),
register_value('uart$02118624699$0',tbctr_size,4),
register_value('uart$02118624699$0',rbctr_size,4),
uri_element_range(DIGITAL_IO0sv0,[0, 1, 2, 3, 4])], 'timer','0', Output_signals),15,writeln(timeout),all_solution, Timer, Due, Remainder).



Aug 11, 2024 11:16:16 PM java.util.logging.LogManager$RootLogger log
INFO: 
End of solver : getOutputSignals() :  Difference in ms 141


Aug 11, 2024 11:16:17 PM java.util.logging.LogManager$RootLogger log
INFO: [/p/2/pad/11, /adc_measurement$01412772708$0, /p/2/pad/2, /adc_measurement$01412772709$0, /p/2/pad/1, /adc_measurement$01412772710$0, /p/2/pad/0, /adc_measurement$01412772711$0, /p/2/pad/5, /adc_measurement$01412772712$0, /cpu/0/nvic/interrupt/15, /adc_measurement$0445362671$0, /vadc/0/group/1/ch/3, /adc_measurement$0733134895$0, /vadc/0/group/0/ch/7, /adc_measurement$0733134896$0, /vadc/0/group/0/ch/1, /adc_measurement$0733134897$0, /vadc/0/group/0/ch/0, /adc_measurement$0733134898$0, /vadc/0/group/1/ch/7, /adc_measurement$0733134899$0, /vadc/0/backgnd, /adc_measurement$0919802633$0, /vadc/0/class/0, /adc_measurement$403379810$0, /vadc/0/group/1/result/10, /adc_measurement$425520431$0, /vadc/0/group/0/result_adv/2, /adc_measurement$425520432$0, /vadc/0/group/0/result_filter/7, /adc_measurement$425520433$0, /vadc/0/group/0/result/9, /adc_measurement$425520434$0, /vadc/0/group/1/result/11, /adc_measurement$425520435$0, /devicepackage/0/8, /adc_measurement$554415016$0, /devicepackage/0/3, /adc_measurement$554415017$0, /devicepackage/0/4, /adc_measurement$554415018$0, /devicepackage/0/5, /adc_measurement$554415019$0, /devicepackage/0/14, /adc_measurement$554415020$0, /can/0/mo/19, /can_node$01337162187$0, /p/1/pad/1, /can_node$0829798$0, /p/1/pad/0, /can_node$0829860$0, /can/0/node/0, /can_node$1758010900$0, /devicepackage/0/26, /can_node$788881170$0, /devicepackage/0/25, /can_node$788881232$0, /scu/0/ccu/config, /clock_xmc1$031780984$0, /cpu/0/exception/hardfault, /cpu_ctrl_xmc1$01591368925$0, /p/0/pad/14, /cpu_ctrl_xmc1$1638132965$0, /p/0/pad/15, /cpu_ctrl_xmc1$1638132966$0, /p/0/pad/4, /digital_io$01383135420$0, /devicepackage/0/33, /digital_io$36800462$0, /vadc/0/global_limits, /global_adc$01890798523$0, /vadc/0/global, /global_adc$1790945385$0, /vadc/0/group/0/config, /global_adc$1796505175$0, /vadc/0/group/1/config, /global_adc$1796505176$0, /can/0/global, /global_can$0435288881$0, /ccu4/0/global, /global_ccu4$01760137752$0, /scu/0/gcu/ccu4_global_enable/0, /global_ccu4$89752826$0, /scu/0/gcu/ccu8_global_enable/0, /global_ccu8$1118816002$0, /ccu8/0/global, /global_ccu8$1465655520$0, /cpu/0/nvic/interrupt/0, /interrupt$01436523993$0, /ccu8/0/cc8/0, /pwm_ccu8$01113979708$0, /devicepackage/0/30, /pwm_ccu8$0353352491$0, /devicepackage/0/29, /pwm_ccu8$0353352492$0, /ccu8/0/cc8/2, /pwm_ccu8$0895124990$2, /ccu8/0/cc8/1, /pwm_ccu8$1142931299$1, /p/0/pad/0, /pwm_ccu8$1493401886$0, /p/0/pad/1, /pwm_ccu8$1493401887$0, /devicepackage/0/39, /pwm_ccu8$1569875542$2, /devicepackage/0/28, /pwm_ccu8$1569875543$2, /p/0/pad/2, /pwm_ccu8$1704752799$1, /p/0/pad/3, /pwm_ccu8$1704752800$1, /p/0/pad/8, /pwm_ccu8$1916103712$2, /p/3/pad/0, /pwm_ccu8$1916103713$2, /devicepackage/0/31, /pwm_ccu8$608261525$1, /devicepackage/0/32, /pwm_ccu8$608261526$1, /cpu/0/systick, /systimer$0137142936$0, /ccu4/0/cc4/1, /timer$844337652$0, /p/1/pad/5, /uart$01053640750$0, /p/1/pad/4, /uart$01053640812$0, /cpu/0/nvic/interrupt/10, /uart$01148723541$0, /cpu/0/nvic/interrupt/9, /uart$01148723603$0, /devicepackage/0/21, /uart$0164365604$0, /devicepackage/0/22, /uart$0164365666$0, /usic/0/channel/0, /uart$02118624699$0]


Aug 11, 2024 11:16:17 PM java.util.logging.LogManager$RootLogger log
INFO: [/p/1/pad/4/iocr_pcr, /0, /p/1/pad/4/iocr_oe, /0, /p/1/pad/4/hwsel_hw, /0, /p/1/pad/5/iocr_pcr, /2, /p/1/pad/5/iocr_oe, /1, /p/1/pad/5/hwsel_hw, /0, /p/1/pad/2/iocr_pcr, /0, /p/1/pad/2/iocr_oe, /0, /p/1/pad/2/hwsel_hw, /0, /p/1/pad/3/iocr_pcr, /0, /p/1/pad/3/iocr_oe, /0, /p/1/pad/3/hwsel_hw, /0, /p/1/pad/0/iocr_pcr, /0, /p/1/pad/0/iocr_oe, /0, /p/1/pad/0/hwsel_hw, /0, /p/1/pad/1/iocr_pcr, /9, /p/1/pad/1/iocr_oe, /1, /p/1/pad/1/hwsel_hw, /0, /p/1/pad/6/iocr_pcr, /0, /p/1/pad/6/iocr_oe, /0, /p/1/pad/6/hwsel_hw, /0, /cpu/0/nvic/interrupt/0/intcr_insel, /2, /cpu/0/nvic/interrupt/0/iser_setena, /1, /cpu/0/nvic/interrupt/1/intcr_insel, /0, /cpu/0/nvic/interrupt/1/iser_setena, /0, /cpu/0/nvic/interrupt/2/intcr_insel, /0, /cpu/0/nvic/interrupt/2/iser_setena, /0, /cpu/0/nvic/interrupt/3/intcr_insel, /0, /cpu/0/nvic/interrupt/3/iser_setena, /0, /cpu/0/nvic/interrupt/4/intcr_insel, /0, /cpu/0/nvic/interrupt/4/iser_setena, /0, /cpu/0/nvic/interrupt/5/intcr_insel, /0, /cpu/0/nvic/interrupt/5/iser_setena, /0, /cpu/0/nvic/interrupt/6/intcr_insel, /0, /cpu/0/nvic/interrupt/6/iser_setena, /0, /cpu/0/nvic/interrupt/7/intcr_insel, /0, /cpu/0/nvic/interrupt/7/iser_setena, /0, /cpu/0/nvic/interrupt/8/intcr_insel, /0, /cpu/0/nvic/interrupt/8/iser_setena, /0, /cpu/0/nvic/interrupt/9/intcr_insel, /0, /cpu/0/nvic/interrupt/9/iser_setena, /1, /cpu/0/nvic/interrupt/10/intcr_insel, /0, /cpu/0/nvic/interrupt/10/iser_setena, /1, /cpu/0/nvic/interrupt/11/intcr_insel, /0, /cpu/0/nvic/interrupt/11/iser_setena, /0, /cpu/0/nvic/interrupt/12/intcr_insel, /0, /cpu/0/nvic/interrupt/12/iser_setena, /0, /cpu/0/nvic/interrupt/13/intcr_insel, /0, /cpu/0/nvic/interrupt/13/iser_setena, /0, /cpu/0/nvic/interrupt/14/intcr_insel, /0, /cpu/0/nvic/interrupt/14/iser_setena, /0, /cpu/0/nvic/interrupt/15/intcr_insel, /0, /cpu/0/nvic/interrupt/15/iser_setena, /1, /cpu/0/nvic/interrupt/16/intcr_insel, /0, /cpu/0/nvic/interrupt/16/iser_setena, /0, /cpu/0/nvic/interrupt/17/intcr_insel, /0, /cpu/0/nvic/interrupt/17/iser_setena, /0, /cpu/0/nvic/interrupt/18/intcr_insel, /0, /cpu/0/nvic/interrupt/18/iser_setena, /0, /cpu/0/nvic/interrupt/19/intcr_insel, /0, /cpu/0/nvic/interrupt/19/iser_setena, /0, /cpu/0/nvic/interrupt/20/intcr_insel, /0, /cpu/0/nvic/interrupt/20/iser_setena, /0, /cpu/0/nvic/interrupt/21/intcr_insel, /0, /cpu/0/nvic/interrupt/21/iser_setena, /0, /cpu/0/nvic/interrupt/22/intcr_insel, /0, /cpu/0/nvic/interrupt/22/iser_setena, /0, /cpu/0/nvic/interrupt/23/intcr_insel, /0, /cpu/0/nvic/interrupt/23/iser_setena, /0, /cpu/0/nvic/interrupt/24/intcr_insel, /0, /cpu/0/nvic/interrupt/24/iser_setena, /0, /cpu/0/nvic/interrupt/25/intcr_insel, /0, /cpu/0/nvic/interrupt/25/iser_setena, /0, /cpu/0/nvic/interrupt/26/intcr_insel, /0, /cpu/0/nvic/interrupt/26/iser_setena, /0, /cpu/0/nvic/interrupt/27/intcr_insel, /0, /cpu/0/nvic/interrupt/27/iser_setena, /0, /cpu/0/nvic/interrupt/28/intcr_insel, /0, /cpu/0/nvic/interrupt/28/iser_setena, /0, /cpu/0/nvic/interrupt/29/intcr_insel, /0, /cpu/0/nvic/interrupt/29/iser_setena, /0, /cpu/0/nvic/interrupt/30/intcr_insel, /0, /cpu/0/nvic/interrupt/30/iser_setena, /0, /cpu/0/nvic/interrupt/31/intcr_insel, /0, /cpu/0/nvic/interrupt/31/iser_setena, /0, /eru/0/ogu/3/exocon_ipen0, /0, /eru/0/ogu/3/exocon_ipen3, /0, /eru/0/ogu/3/exocon_ipen1, /0, /eru/0/ogu/3/exocon_ipen2, /0, /eru/0/ogu/3/exocon_iss, /0, /eru/0/ers_etl/3/exicon_pe, /0, /eru/0/ers_etl/3/exicon_ocs, /0, /eru/0/ers_etl/3/exisel_exsxa, /0, /eru/0/ers_etl/3/exisel_exsxb, /0, /eru/0/ogu/2/exocon_ipen0, /0, /eru/0/ogu/2/exocon_ipen3, /0, /eru/0/ogu/2/exocon_ipen1, /0, /eru/0/ogu/2/exocon_ipen2, /0, /eru/0/ogu/2/exocon_iss, /0, /eru/0/ogu/0/exocon_ipen0, /0, /eru/0/ogu/0/exocon_ipen3, /0, /eru/0/ogu/0/exocon_ipen1, /0, /eru/0/ogu/0/exocon_ipen2, /0, /eru/0/ogu/0/exocon_iss, /0, /eru/0/ogu/1/exocon_ipen0, /0, /eru/0/ogu/1/exocon_ipen3, /0, /eru/0/ogu/1/exocon_ipen1, /0, /eru/0/ogu/1/exocon_ipen2, /0, /eru/0/ogu/1/exocon_iss, /0, /eru/0/ers_etl/0/exicon_pe, /0, /eru/0/ers_etl/0/exicon_ocs, /0, /eru/0/ers_etl/0/exisel_exsxa, /0, /eru/0/ers_etl/0/exisel_exsxb, /0, /eru/0/ers_etl/1/exicon_pe, /0, /eru/0/ers_etl/1/exicon_ocs, /0, /eru/0/ers_etl/1/exisel_exsxa, /0, /eru/0/ers_etl/1/exisel_exsxb, /0, /eru/0/ers_etl/2/exicon_pe, /0, /eru/0/ers_etl/2/exicon_ocs, /0, /eru/0/ers_etl/2/exisel_exsxa, /0, /eru/0/ers_etl/2/exisel_exsxb, /0, /eru/1/ogu/3/exocon_ipen0, /0, /eru/1/ogu/3/exocon_ipen3, /0, /eru/1/ogu/3/exocon_ipen1, /0, /eru/1/ogu/3/exocon_ipen2, /0, /eru/1/ogu/3/exocon_iss, /0, /eru/1/ers_etl/3/exicon_pe, /0, /eru/1/ers_etl/3/exicon_ocs, /0, /eru/1/ers_etl/3/exisel_exsxa, /0, /eru/1/ers_etl/3/exisel_exsxb, /0, /eru/1/ogu/2/exocon_ipen0, /0, /eru/1/ogu/2/exocon_ipen3, /0, /eru/1/ogu/2/exocon_ipen1, /0, /eru/1/ogu/2/exocon_ipen2, /0, /eru/1/ogu/2/exocon_iss, /0, /eru/1/ogu/0/exocon_ipen0, /0, /eru/1/ogu/0/exocon_ipen3, /0, /eru/1/ogu/0/exocon_ipen1, /0, /eru/1/ogu/0/exocon_ipen2, /0, /eru/1/ogu/0/exocon_iss, /0, /eru/1/ogu/1/exocon_ipen0, /0, /eru/1/ogu/1/exocon_ipen3, /0, /eru/1/ogu/1/exocon_ipen1, /0, /eru/1/ogu/1/exocon_ipen2, /0, /eru/1/ogu/1/exocon_iss, /0, /eru/1/ers_etl/0/exicon_pe, /0, /eru/1/ers_etl/0/exicon_ocs, /0, /eru/1/ers_etl/0/exisel_exsxa, /0, /eru/1/ers_etl/0/exisel_exsxb, /0, /eru/1/ers_etl/1/exicon_pe, /0, /eru/1/ers_etl/1/exicon_ocs, /0, /eru/1/ers_etl/1/exisel_exsxa, /0, /eru/1/ers_etl/1/exisel_exsxb, /0, /eru/1/ers_etl/2/exicon_pe, /0, /eru/1/ers_etl/2/exicon_ocs, /0, /eru/1/ers_etl/2/exisel_exsxa, /0, /eru/1/ers_etl/2/exisel_exsxb, /0, /posif/0/posif/hsc_qd/pconf_insel2, /0, /posif/0/posif/hsc_qd/pconf_insel1, /0, /posif/0/posif/hsc_qd/pconf_insel0, /0, /posif/0/posif/hsc_qd/pconf_ewis, /0, /posif/0/posif/hsc_qd/pflge_dire, /0, /posif/0/posif/hsc_qd/pflge_dirsel, /0, /posif/0/posif/hsc_qd/pconf_dsel, /0, /posif/0/posif/hsc_qd/pflge_ewhe, /0, /posif/0/posif/hsc_qd/pflge_whesel, /0, /posif/0/posif/hsc_qd/pflge_cnte, /0, /posif/0/posif/hsc_qd/pflge_cntsel, /0, /posif/0/posif/hsc_qd/pflge_eche, /0, /posif/0/posif/hsc_qd/pflge_chesel, /0, /posif/0/posif/hsc_qd/pflge_pclke, /0, /posif/0/posif/hsc_qd/pflge_pclsel, /0, /posif/0/posif/hsc_qd/pflge_erre, /0, /posif/0/posif/hsc_qd/pflge_errsel, /0, /posif/0/posif/hsc_qd/pflge_ehie, /0, /posif/0/posif/hsc_qd/pflge_hiesel, /0, /posif/0/posif/hsc_qd/pflge_indxe, /0, /posif/0/posif/hsc_qd/pflge_indsel, /0, /posif/0/posif/mcm/pconf_msets, /0, /posif/0/posif/mcm/pconf_msyns, /0, /posif/0/posif/mcm/pflge_emst, /0, /posif/0/posif/mcm/pflge_mstsel, /0, /posif/1/posif/hsc_qd/pconf_insel2, /0, /posif/1/posif/hsc_qd/pconf_insel1, /0, /posif/1/posif/hsc_qd/pconf_insel0, /0, /posif/1/posif/hsc_qd/pconf_ewis, /0, /posif/1/posif/hsc_qd/pflge_dire, /0, /posif/1/posif/hsc_qd/pflge_dirsel, /0, /posif/1/posif/hsc_qd/pconf_dsel, /0, /posif/1/posif/hsc_qd/pflge_ewhe, /0, /posif/1/posif/hsc_qd/pflge_whesel, /0, /posif/1/posif/hsc_qd/pflge_cnte, /0, /posif/1/posif/hsc_qd/pflge_cntsel, /0, /posif/1/posif/hsc_qd/pflge_eche, /0, /posif/1/posif/hsc_qd/pflge_chesel, /0, /posif/1/posif/hsc_qd/pflge_pclke, /0, /posif/1/posif/hsc_qd/pflge_pclsel, /0, /posif/1/posif/hsc_qd/pflge_erre, /0, /posif/1/posif/hsc_qd/pflge_errsel, /0, /posif/1/posif/hsc_qd/pflge_ehie, /0, /posif/1/posif/hsc_qd/pflge_hiesel, /0, /posif/1/posif/hsc_qd/pflge_indxe, /0, /posif/1/posif/hsc_qd/pflge_indsel, /0, /posif/1/posif/mcm/pconf_msets, /0, /posif/1/posif/mcm/pconf_msyns, /0, /posif/1/posif/mcm/pflge_emst, /0, /posif/1/posif/mcm/pflge_mstsel, /0, /p/0/pad/10/iocr_pcr, /0, /p/0/pad/10/iocr_oe, /0, /p/0/pad/10/hwsel_hw, /0, /p/0/pad/11/iocr_pcr, /0, /p/0/pad/11/iocr_oe, /0, /p/0/pad/11/hwsel_hw, /0, /p/0/pad/12/iocr_pcr, /0, /p/0/pad/12/iocr_oe, /0, /p/0/pad/12/hwsel_hw, /0, /p/0/pad/13/iocr_pcr, /0, /p/0/pad/13/iocr_oe, /0, /p/0/pad/13/hwsel_hw, /0, /p/0/pad/9/iocr_pcr, /0, /p/0/pad/9/iocr_oe, /0, /p/0/pad/9/hwsel_hw, /0, /p/0/pad/15/iocr_pcr, /0, /p/0/pad/15/iocr_oe, /0, /p/0/pad/15/hwsel_hw, /0, /p/0/pad/6/iocr_pcr, /0, /p/0/pad/6/iocr_oe, /0, /p/0/pad/6/hwsel_hw, /0, /p/0/pad/14/iocr_pcr, /0, /p/0/pad/14/iocr_oe, /0, /p/0/pad/14/hwsel_hw, /0, /p/0/pad/5/iocr_pcr, /0, /p/0/pad/5/iocr_oe, /0, /p/0/pad/5/hwsel_hw, /0, /p/0/pad/8/iocr_pcr, /5, /p/0/pad/8/iocr_oe, /1, /p/0/pad/8/hwsel_hw, /0, /p/0/pad/7/iocr_pcr, /0, /p/0/pad/7/iocr_oe, /0, /p/0/pad/7/hwsel_hw, /0, /p/0/pad/2/iocr_pcr, /7, /p/0/pad/2/iocr_oe, /1, /p/0/pad/2/hwsel_hw, /0, /p/0/pad/1/iocr_pcr, /5, /p/0/pad/1/iocr_oe, /1, /p/0/pad/1/hwsel_hw, /0, /p/0/pad/4/iocr_pcr, /0, /p/0/pad/4/iocr_oe, /0, /p/0/pad/4/hwsel_hw, /0, /p/0/pad/3/iocr_pcr, /7, /p/0/pad/3/iocr_oe, /1, /p/0/pad/3/hwsel_hw, /0, /p/0/pad/0/iocr_pcr, /5, /p/0/pad/0/iocr_oe, /1, /p/0/pad/0/hwsel_hw, /0, /p/2/pad/0/iocr_pcr, /0, /p/2/pad/0/iocr_oe, /0, /p/2/pad/0/hwsel_hw, /0, /p/2/pad/0/pdisc_pdis, /1, /p/2/pad/2/iocr_pcr, /0, /p/2/pad/2/iocr_oe, /0, /p/2/pad/2/hwsel_hw, /0, /p/2/pad/2/pdisc_pdis, /1, /p/2/pad/1/iocr_pcr, /0, /p/2/pad/1/iocr_oe, /0, /p/2/pad/1/hwsel_hw, /0, /p/2/pad/1/pdisc_pdis, /1, /p/2/pad/10/iocr_pcr, /0, /p/2/pad/10/iocr_oe, /0, /p/2/pad/10/hwsel_hw, /0, /p/2/pad/10/pdisc_pdis, /1, /p/2/pad/8/iocr_pcr, /0, /p/2/pad/8/iocr_oe, /0, /p/2/pad/8/hwsel_hw, /0, /p/2/pad/8/pdisc_pdis, /1, /p/2/pad/11/iocr_pcr, /0, /p/2/pad/11/iocr_oe, /0, /p/2/pad/11/hwsel_hw, /0, /p/2/pad/11/pdisc_pdis, /1, /p/2/pad/7/iocr_pcr, /0, /p/2/pad/7/iocr_oe, /0, /p/2/pad/7/hwsel_hw, /0, /p/2/pad/7/pdisc_pdis, /1, /p/2/pad/9/iocr_pcr, /0, /p/2/pad/9/iocr_oe, /0, /p/2/pad/9/hwsel_hw, /0, /p/2/pad/9/pdisc_pdis, /1, /p/2/pad/4/iocr_pcr, /0, /p/2/pad/4/iocr_oe, /0, /p/2/pad/4/hwsel_hw, /0, /p/2/pad/4/pdisc_pdis, /1, /p/2/pad/3/iocr_pcr, /0, /p/2/pad/3/iocr_oe, /0, /p/2/pad/3/hwsel_hw, /0, /p/2/pad/3/pdisc_pdis, /1, /p/2/pad/6/iocr_pcr, /0, /p/2/pad/6/iocr_oe, /0, /p/2/pad/6/hwsel_hw, /0, /p/2/pad/6/pdisc_pdis, /1, /p/2/pad/5/iocr_pcr, /0, /p/2/pad/5/iocr_oe, /0, /p/2/pad/5/hwsel_hw, /0, /p/2/pad/5/pdisc_pdis, /1, /p/2/pad/12/iocr_pcr, /0, /p/2/pad/12/iocr_oe, /0, /p/2/pad/12/hwsel_hw, /0, /p/2/pad/12/pdisc_pdis, /1, /p/2/pad/13/iocr_pcr, /0, /p/2/pad/13/iocr_oe, /0, /p/2/pad/13/hwsel_hw, /0, /p/2/pad/13/pdisc_pdis, /1, /p/4/pad/6/iocr_pcr, /0, /p/4/pad/6/iocr_oe, /0, /p/4/pad/6/hwsel_hw, /0, /p/4/pad/7/iocr_pcr, /0, /p/4/pad/7/iocr_oe, /0, /p/4/pad/7/hwsel_hw, /0, /p/4/pad/4/iocr_pcr, /0, /p/4/pad/4/iocr_oe, /0, /p/4/pad/4/hwsel_hw, /0, /p/4/pad/5/iocr_pcr, /0, /p/4/pad/5/iocr_oe, /0, /p/4/pad/5/hwsel_hw, /0, /p/3/pad/0/iocr_pcr, /5, /p/3/pad/0/iocr_oe, /1, /p/3/pad/0/hwsel_hw, /0, /bccu/0/channel/3/chconfig_dsel, /0, /bccu/0/channel/4/chconfig_dsel, /0, /bccu/0/channel/5/chconfig_dsel, /0, /bccu/0/channel/6/chconfig_dsel, /0, /bccu/0/channel/0/chconfig_dsel, /0, /bccu/0/channel/1/chconfig_dsel, /0, /bccu/0/channel/2/chconfig_dsel, /0, /bccu/0/trigger/evier_t1ien, /0, /bccu/0/trigger/evier_t0ien, /0, /bccu/0/channel/7/chconfig_dsel, /0, /bccu/0/channel/8/chconfig_dsel, /0, /bccu/0/packer_fifo_event/evier_fien, /0, /bccu/0/packer_fifo_event/evier_eien, /0, /bccu/0/trap/globcon_trapis, /0, /bccu/0/trap/evier_tpien, /0, /scu/0/ccu/config/clkcr_rtcclksel, /0, /ccu4/0/cc4/1/ins_ev1is, /0, /ccu4/0/cc4/1/ins_ev0is, /0, /ccu4/0/cc4/1/ins_ev2is, /0, /ccu4/0/cc4/1/srs_e1sr, /0, /ccu4/0/cc4/1/srs_posr, /0, /ccu4/0/cc4/1/cmc_tce, /0, /ccu4/0/cc4/1/srs_cmsr, /0, /ccu4/0/cc4/1/srs_e0sr, /0, /ccu4/0/cc4/1/srs_e2sr, /0, /ccu4/0/cc4/0/ins_ev1is, /0, /ccu4/0/cc4/0/ins_ev0is, /0, /ccu4/0/cc4/0/ins_ev2is, /0, /ccu4/0/cc4/0/srs_e1sr, /0, /ccu4/0/cc4/0/srs_posr, /0, /ccu4/0/cc4/0/srs_cmsr, /0, /ccu4/0/cc4/0/srs_e0sr, /0, /ccu4/0/cc4/0/srs_e2sr, /0, /ccu4/0/global/gctrl_pcis, /0, /ccu4/0/cc4/2/ins_ev1is, /0, /ccu4/0/cc4/2/ins_ev0is, /0, /ccu4/0/cc4/2/ins_ev2is, /0, /ccu4/0/cc4/2/srs_e1sr, /0, /ccu4/0/cc4/2/srs_posr, /0, /ccu4/0/cc4/2/cmc_tce, /0, /ccu4/0/cc4/2/srs_cmsr, /0, /ccu4/0/cc4/2/srs_e0sr, /0, /ccu4/0/cc4/2/srs_e2sr, /0, /ccu4/0/cc4/3/ins_ev1is, /0, /ccu4/0/cc4/3/ins_ev0is, /0, /ccu4/0/cc4/3/ins_ev2is, /0, /ccu4/0/cc4/3/srs_e1sr, /0, /ccu4/0/cc4/3/srs_posr, /0, /ccu4/0/cc4/3/cmc_tce, /0, /ccu4/0/cc4/3/srs_cmsr, /0, /ccu4/0/cc4/3/srs_e0sr, /0, /ccu4/0/cc4/3/srs_e2sr, /0, /ccu4/1/cc4/1/ins_ev1is, /0, /ccu4/1/cc4/1/ins_ev0is, /0, /ccu4/1/cc4/1/ins_ev2is, /0, /ccu4/1/cc4/1/srs_e1sr, /0, /ccu4/1/cc4/1/srs_posr, /0, /ccu4/1/cc4/1/cmc_tce, /0, /ccu4/1/cc4/1/srs_cmsr, /0, /ccu4/1/cc4/1/srs_e0sr, /0, /ccu4/1/cc4/1/srs_e2sr, /0, /ccu4/1/cc4/0/ins_ev1is, /0, /ccu4/1/cc4/0/ins_ev0is, /0, /ccu4/1/cc4/0/ins_ev2is, /0, /ccu4/1/cc4/0/srs_e1sr, /0, /ccu4/1/cc4/0/srs_posr, /0, /ccu4/1/cc4/0/srs_cmsr, /0, /ccu4/1/cc4/0/srs_e0sr, /0, /ccu4/1/cc4/0/srs_e2sr, /0, /ccu4/1/global/gctrl_pcis, /0, /ccu4/1/cc4/2/ins_ev1is, /0, /ccu4/1/cc4/2/ins_ev0is, /0, /ccu4/1/cc4/2/ins_ev2is, /0, /ccu4/1/cc4/2/srs_e1sr, /0, /ccu4/1/cc4/2/srs_posr, /0, /ccu4/1/cc4/2/cmc_tce, /0, /ccu4/1/cc4/2/srs_cmsr, /0, /ccu4/1/cc4/2/srs_e0sr, /0, /ccu4/1/cc4/2/srs_e2sr, /0, /ccu4/1/cc4/3/ins_ev1is, /0, /ccu4/1/cc4/3/ins_ev0is, /0, /ccu4/1/cc4/3/ins_ev2is, /0, /ccu4/1/cc4/3/srs_e1sr, /0, /ccu4/1/cc4/3/srs_posr, /0, /ccu4/1/cc4/3/cmc_tce, /0, /ccu4/1/cc4/3/srs_cmsr, /0, /ccu4/1/cc4/3/srs_e0sr, /0, /ccu4/1/cc4/3/srs_e2sr, /0, /ccu8/0/cc8/1/ins_ev1is, /0, /ccu8/0/cc8/1/ins_ev0is, /0, /ccu8/0/cc8/1/ins_ev2is, /0, /ccu8/0/cc8/1/srs_e1sr, /0, /ccu8/0/cc8/1/srs_posr, /0, /ccu8/0/cc8/1/cmc_tce, /0, /ccu8/0/cc8/1/srs_e0sr, /0, /ccu8/0/cc8/1/srs_e2sr, /0, /ccu8/0/cc8/1/srs_cm1sr, /0, /ccu8/0/cc8/1/srs_cm2sr, /0, /ccu8/0/cc8/0/ins_ev1is, /0, /ccu8/0/cc8/0/ins_ev0is, /0, /ccu8/0/cc8/0/ins_ev2is, /0, /ccu8/0/cc8/0/srs_e1sr, /0, /ccu8/0/cc8/0/srs_posr, /0, /ccu8/0/cc8/0/srs_e0sr, /0, /ccu8/0/cc8/0/srs_e2sr, /0, /ccu8/0/cc8/0/srs_cm1sr, /0, /ccu8/0/cc8/0/srs_cm2sr, /0, /ccu8/0/cc8/3/ins_ev1is, /0, /ccu8/0/cc8/3/ins_ev0is, /0, /ccu8/0/cc8/3/ins_ev2is, /0, /ccu8/0/cc8/3/srs_e1sr, /0, /ccu8/0/cc8/3/srs_posr, /0, /ccu8/0/cc8/3/cmc_tce, /0, /ccu8/0/cc8/3/srs_e0sr, /0, /ccu8/0/cc8/3/srs_e2sr, /0, /ccu8/0/cc8/3/srs_cm1sr, /0, /ccu8/0/cc8/3/srs_cm2sr, /0, /ccu8/0/cc8/2/ins_ev1is, /0, /ccu8/0/cc8/2/ins_ev0is, /0, /ccu8/0/cc8/2/ins_ev2is, /0, /ccu8/0/cc8/2/srs_e1sr, /0, /ccu8/0/cc8/2/srs_posr, /0, /ccu8/0/cc8/2/cmc_tce, /0, /ccu8/0/cc8/2/srs_e0sr, /0, /ccu8/0/cc8/2/srs_e2sr, /0, /ccu8/0/cc8/2/srs_cm1sr, /0, /ccu8/0/cc8/2/srs_cm2sr, /0, /ccu8/0/global/gctrl_pcis, /0, /ccu8/1/cc8/1/ins_ev1is, /0, /ccu8/1/cc8/1/ins_ev0is, /0, /ccu8/1/cc8/1/ins_ev2is, /0, /ccu8/1/cc8/1/srs_e1sr, /0, /ccu8/1/cc8/1/srs_posr, /0, /ccu8/1/cc8/1/cmc_tce, /0, /ccu8/1/cc8/1/srs_e0sr, /0, /ccu8/1/cc8/1/srs_e2sr, /0, /ccu8/1/cc8/1/srs_cm1sr, /0, /ccu8/1/cc8/1/srs_cm2sr, /0, /ccu8/1/cc8/0/ins_ev1is, /0, /ccu8/1/cc8/0/ins_ev0is, /0, /ccu8/1/cc8/0/ins_ev2is, /0, /ccu8/1/cc8/0/srs_e1sr, /0, /ccu8/1/cc8/0/srs_posr, /0, /ccu8/1/cc8/0/srs_e0sr, /0, /ccu8/1/cc8/0/srs_e2sr, /0, /ccu8/1/cc8/0/srs_cm1sr, /0, /ccu8/1/cc8/0/srs_cm2sr, /0, /ccu8/1/cc8/3/ins_ev1is, /0, /ccu8/1/cc8/3/ins_ev0is, /0, /ccu8/1/cc8/3/ins_ev2is, /0, /ccu8/1/cc8/3/srs_e1sr, /0, /ccu8/1/cc8/3/srs_posr, /0, /ccu8/1/cc8/3/cmc_tce, /0, /ccu8/1/cc8/3/srs_e0sr, /0, /ccu8/1/cc8/3/srs_e2sr, /0, /ccu8/1/cc8/3/srs_cm1sr, /0, /ccu8/1/cc8/3/srs_cm2sr, /0, /ccu8/1/cc8/2/ins_ev1is, /0, /ccu8/1/cc8/2/ins_ev0is, /0, /ccu8/1/cc8/2/ins_ev2is, /0, /ccu8/1/cc8/2/srs_e1sr, /0, /ccu8/1/cc8/2/srs_posr, /0, /ccu8/1/cc8/2/cmc_tce, /0, /ccu8/1/cc8/2/srs_e0sr, /0, /ccu8/1/cc8/2/srs_e2sr, /0, /ccu8/1/cc8/2/srs_cm1sr, /0, /ccu8/1/cc8/2/srs_cm2sr, /0, /ccu8/1/global/gctrl_pcis, /0, /usic/0/channel/1/dx5cr_dsel, /0, /usic/0/channel/1/ccr_hpcen, /0, /usic/0/channel/1/dx2cr_dsel, /0, /usic/0/channel/1/dx3cr_dsel, /0, /usic/0/channel/1/dx0cr_dsel, /0, /usic/0/channel/1/dx1cr_dsel, /0, /usic/0/channel/1/dx4cr_dsel, /0, /usic/0/channel/1/ccr_rsien, /0, /usic/0/channel/1/inpr_tbinp, /0, /usic/0/channel/1/tbctr_stbien, /0, /usic/0/channel/1/tbctr_stbinp, /0, /usic/0/channel/1/ccr_dlien, /0, /usic/0/channel/1/inpr_pinp, /0, /usic/0/channel/1/ccr_brgien, /0, /usic/0/channel/1/rbctr_rberien, /0, /usic/0/channel/1/rbctr_arbinp, /0, /usic/0/channel/1/ccr_aien, /0, /usic/0/channel/1/inpr_ainp, /0, /usic/0/channel/1/ccr_rien, /0, /usic/0/channel/1/inpr_rinp, /0, /usic/0/channel/1/rbctr_srbien, /0, /usic/0/channel/1/rbctr_srbinp, /0, /usic/0/channel/1/rbctr_arbien, /0, /usic/0/channel/1/tbctr_tberien, /0, /usic/0/channel/1/tbctr_atbinp, /0, /usic/0/channel/1/ccr_tbien, /0, /usic/0/channel/1/ccr_tsien, /0, /usic/0/channel/1/inpr_tsinp, /0, /usic/0/channel/1/rbctr_dptr, /0, /usic/0/channel/1/tbctr_dptr, /0, /usic/0/channel/1/rbctr_size, /0, /usic/0/channel/1/tbctr_size, /0, /usic/0/channel/0/dx5cr_dsel, /4, /usic/0/channel/0/ccr_hpcen, /0, /usic/0/channel/0/dx2cr_dsel, /0, /usic/0/channel/0/dx3cr_dsel, /5, /usic/0/channel/0/dx0cr_dsel, /6, /usic/0/channel/0/dx1cr_dsel, /0, /usic/0/channel/0/dx4cr_dsel, /0, /usic/0/channel/0/ccr_rsien, /0, /usic/0/channel/0/inpr_tbinp, /0, /usic/0/channel/0/tbctr_stbien, /1, /usic/0/channel/0/tbctr_stbinp, /1, /usic/0/channel/0/ccr_dlien, /0, /usic/0/channel/0/inpr_pinp, /2, /usic/0/channel/0/ccr_brgien, /0, /usic/0/channel/0/rbctr_rberien, /0, /usic/0/channel/0/rbctr_arbinp, /0, /usic/0/channel/0/ccr_aien, /0, /usic/0/channel/0/inpr_ainp, /0, /usic/0/channel/0/ccr_rien, /0, /usic/0/channel/0/inpr_rinp, /0, /usic/0/channel/0/rbctr_srbien, /1, /usic/0/channel/0/rbctr_srbinp, /0, /usic/0/channel/0/rbctr_arbien, /1, /usic/0/channel/0/tbctr_tberien, /0, /usic/0/channel/0/tbctr_atbinp, /0, /usic/0/channel/0/ccr_tbien, /0, /usic/0/channel/0/ccr_tsien, /0, /usic/0/channel/0/inpr_tsinp, /0, /usic/0/channel/0/rbctr_dptr, /0, /usic/0/channel/0/tbctr_dptr, /16, /usic/0/channel/0/rbctr_size, /4, /usic/0/channel/0/tbctr_size, /4, /usic/1/channel/1/dx5cr_dsel, /0, /usic/1/channel/1/ccr_hpcen, /0, /usic/1/channel/1/dx2cr_dsel, /0, /usic/1/channel/1/dx3cr_dsel, /0, /usic/1/channel/1/dx0cr_dsel, /0, /usic/1/channel/1/dx1cr_dsel, /0, /usic/1/channel/1/dx4cr_dsel, /0, /usic/1/channel/1/ccr_rsien, /0, /usic/1/channel/1/inpr_tbinp, /0, /usic/1/channel/1/tbctr_stbien, /0, /usic/1/channel/1/tbctr_stbinp, /0, /usic/1/channel/1/ccr_dlien, /0, /usic/1/channel/1/inpr_pinp, /0, /usic/1/channel/1/ccr_brgien, /0, /usic/1/channel/1/rbctr_rberien, /0, /usic/1/channel/1/rbctr_arbinp, /0, /usic/1/channel/1/ccr_aien, /0, /usic/1/channel/1/inpr_ainp, /0, /usic/1/channel/1/ccr_rien, /0, /usic/1/channel/1/inpr_rinp, /0, /usic/1/channel/1/rbctr_srbien, /0, /usic/1/channel/1/rbctr_srbinp, /0, /usic/1/channel/1/rbctr_arbien, /0, /usic/1/channel/1/tbctr_tberien, /0, /usic/1/channel/1/tbctr_atbinp, /0, /usic/1/channel/1/ccr_tbien, /0, /usic/1/channel/1/ccr_tsien, /0, /usic/1/channel/1/inpr_tsinp, /0, /usic/1/channel/1/rbctr_dptr, /0, /usic/1/channel/1/tbctr_dptr, /0, /usic/1/channel/1/rbctr_size, /0, /usic/1/channel/1/tbctr_size, /0, /usic/1/channel/0/dx5cr_dsel, /0, /usic/1/channel/0/ccr_hpcen, /0, /usic/1/channel/0/dx2cr_dsel, /0, /usic/1/channel/0/dx3cr_dsel, /0, /usic/1/channel/0/dx0cr_dsel, /0, /usic/1/channel/0/dx1cr_dsel, /0, /usic/1/channel/0/dx4cr_dsel, /0, /usic/1/channel/0/ccr_rsien, /0, /usic/1/channel/0/inpr_tbinp, /0, /usic/1/channel/0/tbctr_stbien, /0, /usic/1/channel/0/tbctr_stbinp, /0, /usic/1/channel/0/ccr_dlien, /0, /usic/1/channel/0/inpr_pinp, /0, /usic/1/channel/0/ccr_brgien, /0, /usic/1/channel/0/rbctr_rberien, /0, /usic/1/channel/0/rbctr_arbinp, /0, /usic/1/channel/0/ccr_aien, /0, /usic/1/channel/0/inpr_ainp, /0, /usic/1/channel/0/ccr_rien, /0, /usic/1/channel/0/inpr_rinp, /0, /usic/1/channel/0/rbctr_srbien, /0, /usic/1/channel/0/rbctr_srbinp, /0, /usic/1/channel/0/rbctr_arbien, /0, /usic/1/channel/0/tbctr_tberien, /0, /usic/1/channel/0/tbctr_atbinp, /0, /usic/1/channel/0/ccr_tbien, /0, /usic/1/channel/0/ccr_tsien, /0, /usic/1/channel/0/inpr_tsinp, /0, /usic/1/channel/0/rbctr_dptr, /0, /usic/1/channel/0/tbctr_dptr, /0, /usic/1/channel/0/rbctr_size, /0, /usic/1/channel/0/tbctr_size, /0, /vadc/0/group/0/ch/0/galias_alias0, /5, /vadc/0/group/0/ch/0/gchctr_resreg, /2, /vadc/0/group/0/ch/0/gcevnp0_cevnp, /0, /vadc/0/group/0/ch/0/gchctr_iclsel, /0, /vadc/0/group/0/queue/gqctrl0_xtsel, /0, /vadc/0/group/0/queue/gqctrl0_gtsel, /0, /vadc/0/group/0/queue/gsevnp_sev0np, /0, /vadc/0/group/0/result/9/grevnp_revnp, /0, /vadc/0/group/0/sync/gsynctr_evalr1, /0, /vadc/0/group/0/sync/gsynctr_stsel, /0, /vadc/0/group/0/sync/gsynctr_evalr2, /0, /vadc/0/group/0/sync/gsynctr_evalr3, /0, /vadc/0/group/0/result_filter/7/grevnp_revnp, /0, /vadc/0/group/1/result/10/grevnp_revnp, /0, /vadc/0/group/1/result/11/grevnp_revnp, /0, /vadc/0/group/1/result/4/grevnp_revnp, /0, /vadc/0/group/1/result/12/grevnp_revnp, /0, /vadc/0/group/1/queue/gqctrl0_xtsel, /0, /vadc/0/group/1/queue/gqctrl0_gtsel, /0, /vadc/0/group/1/queue/gsevnp_sev0np, /0, /vadc/0/group/1/result/5/grevnp_revnp, /0, /vadc/0/group/1/result/13/grevnp_revnp, /0, /vadc/0/group/1/result/6/grevnp_revnp, /0, /vadc/0/group/1/result/14/grevnp_revnp, /0, /vadc/0/group/1/result/8/grevnp_revnp, /0, /vadc/0/group/1/result/9/grevnp_revnp, /0, /vadc/0/group/0/result_adv/2/grevnp_revnp, /0, /vadc/0/group/0/result_adv/1/grevnp_revnp, /0, /vadc/0/group/0/result_adv/3/grevnp_revnp, /0, /vadc/0/group/0/result_adv/0/grevnp_revnp, /0, /vadc/0/group/1/ch/5/gchctr_resreg, /0, /vadc/0/group/1/ch/5/gcevnp0_cevnp, /0, /vadc/0/group/1/ch/5/gchctr_iclsel, /0, /vadc/0/group/0/result_filter/15/grevnp_revnp, /0, /vadc/0/group/1/ch/4/gchctr_resreg, /0, /vadc/0/group/1/ch/4/gcevnp0_cevnp, /0, /vadc/0/group/1/ch/4/gchctr_iclsel, /0, /vadc/0/group/1/ch/3/gchctr_resreg, /11, /vadc/0/group/1/ch/3/gcevnp0_cevnp, /0, /vadc/0/group/1/ch/3/gchctr_iclsel, /0, /vadc/0/group/1/ch/2/gchctr_resreg, /0, /vadc/0/group/1/ch/2/gcevnp0_cevnp, /0, /vadc/0/group/1/ch/2/gchctr_iclsel, /0, /vadc/0/global_result/globevnp_revnp, /0, /vadc/0/group/1/ch/7/gchctr_resreg, /10, /vadc/0/group/1/ch/7/gcevnp0_cevnp, /0, /vadc/0/group/1/ch/7/gchctr_iclsel, /0, /vadc/0/group/1/ch/6/gchctr_resreg, /0, /vadc/0/group/1/ch/6/gcevnp0_cevnp, /0, /vadc/0/group/1/ch/6/gchctr_iclsel, /0, /vadc/0/group/1/result_adv/0/grevnp_revnp, /0, /vadc/0/group/0/scan/gasctrl_xtsel, /0, /vadc/0/group/0/scan/gasctrl_gtsel, /0, /vadc/0/group/0/scan/gsevnp_sev1np, /0, /vadc/0/group/1/result_adv/1/grevnp_revnp, /0, /vadc/0/group/1/result_adv/2/grevnp_revnp, /0, /vadc/0/group/1/result_filter/15/grevnp_revnp, /0, /vadc/0/group/1/result_adv/3/grevnp_revnp, /0, /vadc/0/group/1/sync/gsynctr_evalr1, /0, /vadc/0/group/1/sync/gsynctr_stsel, /0, /vadc/0/group/1/sync/gsynctr_evalr2, /0, /vadc/0/group/1/sync/gsynctr_evalr3, /0, /vadc/0/group/0/result/14/grevnp_revnp, /0, /vadc/0/group/0/result/13/grevnp_revnp, /0, /vadc/0/group/1/scan/gasctrl_xtsel, /0, /vadc/0/group/1/scan/gasctrl_gtsel, /0, /vadc/0/group/1/scan/gsevnp_sev1np, /0, /vadc/0/group/0/result/12/grevnp_revnp, /0, /vadc/0/group/0/result/11/grevnp_revnp, /0, /vadc/0/group/0/result/10/grevnp_revnp, /0, /vadc/0/group/0/result/4/grevnp_revnp, /0, /vadc/0/backgnd/brsctrl_xtsel, /0, /vadc/0/backgnd/brsctrl_gtsel, /0, /vadc/0/backgnd/globevnp_sev0np, /0, /vadc/0/group/0/result/8/grevnp_revnp, /0, /vadc/0/group/0/result/5/grevnp_revnp, /0, /vadc/0/group/0/result/6/grevnp_revnp, /0, /vadc/0/group/1/result_filter/7/grevnp_revnp, /0, /vadc/0/group/1/ch/0/galias_alias0, /0, /vadc/0/group/1/ch/0/gchctr_resreg, /0, /vadc/0/group/1/ch/0/gcevnp0_cevnp, /0, /vadc/0/group/1/ch/0/gchctr_iclsel, /0, /vadc/0/group/1/ch/1/galias_alias1, /0, /vadc/0/group/1/ch/1/gchctr_resreg, /0, /vadc/0/group/1/ch/1/gcevnp0_cevnp, /0, /vadc/0/group/1/ch/1/gchctr_iclsel, /0, /vadc/0/group/0/ch/1/galias_alias1, /6, /vadc/0/group/0/ch/1/gchctr_resreg, /7, /vadc/0/group/0/ch/1/gcevnp0_cevnp, /0, /vadc/0/group/0/ch/1/gchctr_iclsel, /0, /vadc/0/group/0/ch/2/gchctr_resreg, /0, /vadc/0/group/0/ch/2/gcevnp0_cevnp, /0, /vadc/0/group/0/ch/2/gchctr_iclsel, /0, /vadc/0/group/0/ch/3/gchctr_resreg, /0, /vadc/0/group/0/ch/3/gcevnp0_cevnp, /0, /vadc/0/group/0/ch/3/gchctr_iclsel, /0, /vadc/0/group/0/ch/4/gchctr_resreg, /0, /vadc/0/group/0/ch/4/gcevnp0_cevnp, /0, /vadc/0/group/0/ch/4/gchctr_iclsel, /0, /vadc/0/group/0/ch/5/gchctr_resreg, /0, /vadc/0/group/0/ch/5/gcevnp0_cevnp, /0, /vadc/0/group/0/ch/5/gchctr_iclsel, /0, /vadc/0/group/0/ch/6/gchctr_resreg, /0, /vadc/0/group/0/ch/6/gcevnp0_cevnp, /0, /vadc/0/group/0/ch/6/gchctr_iclsel, /0, /vadc/0/group/0/ch/7/gchctr_resreg, /9, /vadc/0/group/0/ch/7/gcevnp0_cevnp, /0, /vadc/0/group/0/ch/7/gchctr_iclsel, /0, /vadc/0/emux/0/emuxsel_emuxgrp, /0, /vadc/0/emux/1/emuxsel_emuxgrp, /0, /ledts/1/global/globctl_ensync, /0, /ledts/1/global/globctl_cmtr, /0, /ledts/2/global/globctl_ensync, /0, /ledts/2/global/globctl_cmtr, /0, /can/0/mo/19/moipr_rxinp, /0, /can/0/mo/19/moipr_txinp, /0, /can/0/mo/17/moipr_rxinp, /0, /can/0/mo/17/moipr_txinp, /0, /can/0/mo/18/moipr_rxinp, /0, /can/0/mo/18/moipr_txinp, /0, /can/0/mo/8/moipr_rxinp, /0, /can/0/mo/8/moipr_txinp, /0, /can/0/mo/11/moipr_rxinp, /0, /can/0/mo/11/moipr_txinp, /0, /can/0/mo/9/moipr_rxinp, /0, /can/0/mo/9/moipr_txinp, /0, /can/0/mo/12/moipr_rxinp, /0, /can/0/mo/12/moipr_txinp, /0, /can/0/mo/6/moipr_rxinp, /0, /can/0/mo/6/moipr_txinp, /0, /can/0/mo/7/moipr_rxinp, /0, /can/0/mo/7/moipr_txinp, /0, /can/0/mo/10/moipr_rxinp, /0, /can/0/mo/10/moipr_txinp, /0, /can/0/mo/4/moipr_rxinp, /0, /can/0/mo/4/moipr_txinp, /0, /can/0/mo/15/moipr_rxinp, /0, /can/0/mo/15/moipr_txinp, /0, /can/0/mo/5/moipr_rxinp, /0, /can/0/mo/5/moipr_txinp, /0, /can/0/mo/16/moipr_rxinp, /0, /can/0/mo/16/moipr_txinp, /0, /can/0/mo/31/moipr_rxinp, /0, /can/0/mo/31/moipr_txinp, /0, /can/0/mo/13/moipr_rxinp, /0, /can/0/mo/13/moipr_txinp, /0, /can/0/mo/2/moipr_rxinp, /0, /can/0/mo/2/moipr_txinp, /0, /can/0/mo/3/moipr_rxinp, /0, /can/0/mo/3/moipr_txinp, /0, /can/0/mo/14/moipr_rxinp, /0, /can/0/mo/14/moipr_txinp, /0, /can/0/mo/30/moipr_rxinp, /0, /can/0/mo/30/moipr_txinp, /0, /can/0/node/1/npcr_rxsel, /0, /can/0/node/1/nipr_alinp, /0, /can/0/node/1/nipr_cfcinp, /0, /can/0/node/1/nipr_trinp, /0, /can/0/node/1/nipr_lecinp, /0, /can/0/node/0/npcr_rxsel, /6, /can/0/node/0/nipr_alinp, /0, /can/0/node/0/nipr_cfcinp, /0, /can/0/node/0/nipr_trinp, /0, /can/0/node/0/nipr_lecinp, /0, /can/0/mo/28/moipr_rxinp, /0, /can/0/mo/28/moipr_txinp, /0, /can/0/mo/29/moipr_rxinp, /0, /can/0/mo/29/moipr_txinp, /0, /can/0/mo/20/moipr_rxinp, /0, /can/0/mo/20/moipr_txinp, /0, /can/0/mo/21/moipr_rxinp, /0, /can/0/mo/21/moipr_txinp, /0, /can/0/mo/22/moipr_rxinp, /0, /can/0/mo/22/moipr_txinp, /0, /can/0/mo/23/moipr_rxinp, /0, /can/0/mo/23/moipr_txinp, /0, /can/0/mo/24/moipr_rxinp, /0, /can/0/mo/24/moipr_txinp, /0, /can/0/mo/25/moipr_rxinp, /0, /can/0/mo/25/moipr_txinp, /0, /can/0/mo/26/moipr_rxinp, /0, /can/0/mo/26/moipr_txinp, /0, /can/0/mo/27/moipr_rxinp, /0, /can/0/mo/27/moipr_txinp, /0, /can/0/mo/0/moipr_rxinp, /0, /can/0/mo/0/moipr_txinp, /0, /can/0/mo/1/moipr_rxinp, /0, /can/0/mo/1/moipr_txinp, /0]


